{"numTotalTestSuites":10,"numPassedTestSuites":10,"numFailedTestSuites":0,"numPendingTestSuites":0,"numTotalTests":105,"numPassedTests":102,"numFailedTests":0,"numPendingTests":3,"numTodoTests":0,"snapshot":{"added":0,"failure":false,"filesAdded":0,"filesRemoved":0,"filesRemovedList":[],"filesUnmatched":0,"filesUpdated":0,"matched":0,"total":0,"unchecked":0,"uncheckedKeysByFile":[],"unmatched":0,"updated":0,"didUpdate":false},"startTime":1781994844658,"success":true,"testResults":[{"assertionResults":[{"ancestorTitles":["Palmetto Epoxy app coverage"],"fullName":"Palmetto Epoxy app coverage renders root layout with metadata and children","status":"passed","title":"renders root layout with metadata and children","duration":3.199833000000126,"failureMessages":[],"meta":{},"tags":[]},{"ancestorTitles":["Palmetto Epoxy app coverage"],"fullName":"Palmetto Epoxy app coverage renders root layout with trailing slash path and fallback metadata","status":"passed","title":"renders root layout with trailing slash path and fallback metadata","duration":0.5452910000003612,"failureMessages":[],"meta":{},"tags":[]},{"ancestorTitles":["Palmetto Epoxy app coverage"],"fullName":"Palmetto Epoxy app coverage renders root layout with x-url fallback metadata when origin is missing","status":"passed","title":"renders root layout with x-url fallback metadata when origin is missing","duration":0.259541999999783,"failureMessages":[],"meta":{},"tags":[]},{"ancestorTitles":["Palmetto Epoxy app coverage"],"fullName":"Palmetto Epoxy app coverage renders root layout with unknown path fallback metadata","status":"passed","title":"renders root layout with unknown path fallback metadata","duration":0.3571670000001177,"failureMessages":[],"meta":{},"tags":[]},{"ancestorTitles":["Palmetto Epoxy app coverage"],"fullName":"Palmetto Epoxy app coverage proxies request headers correctly","status":"passed","title":"proxies request headers correctly","duration":0.6147919999998521,"failureMessages":[],"meta":{},"tags":[]},{"ancestorTitles":["Palmetto Epoxy app coverage"],"fullName":"Palmetto Epoxy app coverage proxies request headers with fallback url when href is unavailable","status":"passed","title":"proxies request headers with fallback url when href is unavailable","duration":0.2086659999999938,"failureMessages":[],"meta":{},"tags":[]},{"ancestorTitles":["Palmetto Epoxy app coverage"],"fullName":"Palmetto Epoxy app coverage uses real pixelated.config.json siteInfo and route data","status":"passed","title":"uses real pixelated.config.json siteInfo and route data","duration":0.5741249999996398,"failureMessages":[],"meta":{},"tags":[]},{"ancestorTitles":["Palmetto Epoxy app coverage"],"fullName":"Palmetto Epoxy app coverage returns humans well-known response","status":"passed","title":"returns humans well-known response","duration":1.3128750000000764,"failureMessages":[],"meta":{},"tags":[]},{"ancestorTitles":["Palmetto Epoxy app coverage"],"fullName":"Palmetto Epoxy app coverage returns security well-known response","status":"passed","title":"returns security well-known response","duration":0.13649999999961437,"failureMessages":[],"meta":{},"tags":[]}],"startTime":1781994848428,"endTime":1781994848435.313,"status":"passed","message":"","name":"/Volumes/btw_x10pro/Git/pixelated-tech/apps/palmetto-epoxy/src/tests/app.test.tsx"},{"assertionResults":[{"ancestorTitles":["Palmetto Epoxy coverage","Common page coverage"],"fullName":"Palmetto Epoxy coverage Common page coverage includes a About page route","status":"passed","title":"includes a About page route","duration":1.2995410000003176,"failureMessages":[],"meta":{},"tags":[]},{"ancestorTitles":["Palmetto Epoxy coverage","Common page coverage"],"fullName":"Palmetto Epoxy coverage Common page coverage imports the About page component","status":"passed","title":"imports the About page component","duration":1.5067909999997937,"failureMessages":[],"meta":{},"tags":[]},{"ancestorTitles":["Palmetto Epoxy coverage","Common page coverage"],"fullName":"Palmetto Epoxy coverage Common page coverage renders the About page without throwing","status":"passed","title":"renders the About page without throwing","duration":25.910041000000092,"failureMessages":[],"meta":{},"tags":[]},{"ancestorTitles":["Palmetto Epoxy coverage","Common page coverage"],"fullName":"Palmetto Epoxy coverage Common page coverage includes a Blog page route","status":"passed","title":"includes a Blog page route","duration":0.19587500000034197,"failureMessages":[],"meta":{},"tags":[]},{"ancestorTitles":["Palmetto Epoxy coverage","Common page coverage"],"fullName":"Palmetto Epoxy coverage Common page coverage imports the Blog page component","status":"passed","title":"imports the Blog page component","duration":1.0354580000002898,"failureMessages":[],"meta":{},"tags":[]},{"ancestorTitles":["Palmetto Epoxy coverage","Common page coverage"],"fullName":"Palmetto Epoxy coverage Common page coverage renders the Blog page without throwing","status":"passed","title":"renders the Blog page without throwing","duration":3.402749999999287,"failureMessages":[],"meta":{},"tags":[]},{"ancestorTitles":["Palmetto Epoxy coverage","Common page coverage"],"fullName":"Palmetto Epoxy coverage Common page coverage includes a Blog Calendar page route","status":"passed","title":"includes a Blog Calendar page route","duration":0.12637499999982538,"failureMessages":[],"meta":{},"tags":[]},{"ancestorTitles":["Palmetto Epoxy coverage","Common page coverage"],"fullName":"Palmetto Epoxy coverage Common page coverage imports the Blog Calendar page component","status":"passed","title":"imports the Blog Calendar page component","duration":0.5137089999998352,"failureMessages":[],"meta":{},"tags":[]},{"ancestorTitles":["Palmetto Epoxy coverage","Common page coverage"],"fullName":"Palmetto Epoxy coverage Common page coverage renders the Blog Calendar page without throwing","status":"passed","title":"renders the Blog Calendar page without throwing","duration":1.807292000000416,"failureMessages":[],"meta":{},"tags":[]},{"ancestorTitles":["Palmetto Epoxy coverage","Common page coverage"],"fullName":"Palmetto Epoxy coverage Common page coverage includes a Contact page route","status":"passed","title":"includes a Contact page route","duration":0.10370899999998073,"failureMessages":[],"meta":{},"tags":[]},{"ancestorTitles":["Palmetto Epoxy coverage","Common page coverage"],"fullName":"Palmetto Epoxy coverage Common page coverage imports the Contact page component","status":"passed","title":"imports the Contact page component","duration":0.48966699999982666,"failureMessages":[],"meta":{},"tags":[]},{"ancestorTitles":["Palmetto Epoxy coverage","Common page coverage"],"fullName":"Palmetto Epoxy coverage Common page coverage renders the Contact page without throwing","status":"passed","title":"renders the Contact page without throwing","duration":9.907084000000395,"failureMessages":[],"meta":{},"tags":[]},{"ancestorTitles":["Palmetto Epoxy coverage","Common page coverage"],"fullName":"Palmetto Epoxy coverage Common page coverage includes associated file src/app/data/contactform.json for Contact","status":"passed","title":"includes associated file src/app/data/contactform.json for Contact","duration":0.2592080000003989,"failureMessages":[],"meta":{},"tags":[]},{"ancestorTitles":["Palmetto Epoxy coverage","Common page coverage"],"fullName":"Palmetto Epoxy coverage Common page coverage includes a FAQs page route","status":"passed","title":"includes a FAQs page route","duration":0.07470800000010058,"failureMessages":[],"meta":{},"tags":[]},{"ancestorTitles":["Palmetto Epoxy coverage","Common page coverage"],"fullName":"Palmetto Epoxy coverage Common page coverage imports the FAQs page component","status":"passed","title":"imports the FAQs page component","duration":0.9411250000002838,"failureMessages":[],"meta":{},"tags":[]},{"ancestorTitles":["Palmetto Epoxy coverage","Common page coverage"],"fullName":"Palmetto Epoxy coverage Common page coverage renders the FAQs page without throwing","status":"passed","title":"renders the FAQs page without throwing","duration":2.2106669999993755,"failureMessages":[],"meta":{},"tags":[]},{"ancestorTitles":["Palmetto Epoxy coverage","Common page coverage"],"fullName":"Palmetto Epoxy coverage Common page coverage includes associated file src/app/data/faqs.json for FAQs","status":"passed","title":"includes associated file src/app/data/faqs.json for FAQs","duration":0.12866699999995035,"failureMessages":[],"meta":{},"tags":[]},{"ancestorTitles":["Palmetto Epoxy coverage","Common page coverage"],"fullName":"Palmetto Epoxy coverage Common page coverage skips Partners when the app does not implement that page type","status":"skipped","title":"skips Partners when the app does not implement that page type","failureMessages":[],"meta":{},"tags":[]},{"ancestorTitles":["Palmetto Epoxy coverage","Common page coverage"],"fullName":"Palmetto Epoxy coverage Common page coverage skips Podcast when the app does not implement that page type","status":"skipped","title":"skips Podcast when the app does not implement that page type","failureMessages":[],"meta":{},"tags":[]},{"ancestorTitles":["Palmetto Epoxy coverage","Common page coverage"],"fullName":"Palmetto Epoxy coverage Common page coverage includes a Projects page route","status":"passed","title":"includes a Projects page route","duration":0.06612499999937427,"failureMessages":[],"meta":{},"tags":[]},{"ancestorTitles":["Palmetto Epoxy coverage","Common page coverage"],"fullName":"Palmetto Epoxy coverage Common page coverage imports the Projects page component","status":"passed","title":"imports the Projects page component","duration":0.804124999999658,"failureMessages":[],"meta":{},"tags":[]},{"ancestorTitles":["Palmetto Epoxy coverage","Common page coverage"],"fullName":"Palmetto Epoxy coverage Common page coverage renders the Projects page without throwing","status":"passed","title":"renders the Projects page without throwing","duration":3.03216699999939,"failureMessages":[],"meta":{},"tags":[]},{"ancestorTitles":["Palmetto Epoxy coverage","Common page coverage"],"fullName":"Palmetto Epoxy coverage Common page coverage includes a Services page route","status":"passed","title":"includes a Services page route","duration":0.17545900000004622,"failureMessages":[],"meta":{},"tags":[]},{"ancestorTitles":["Palmetto Epoxy coverage","Common page coverage"],"fullName":"Palmetto Epoxy coverage Common page coverage imports the Services page component","status":"passed","title":"imports the Services page component","duration":1.0357090000006792,"failureMessages":[],"meta":{},"tags":[]},{"ancestorTitles":["Palmetto Epoxy coverage","Common page coverage"],"fullName":"Palmetto Epoxy coverage Common page coverage renders the Services page without throwing","status":"passed","title":"renders the Services page without throwing","duration":3.6480830000000424,"failureMessages":[],"meta":{},"tags":[]},{"ancestorTitles":["Palmetto Epoxy coverage","Common page coverage"],"fullName":"Palmetto Epoxy coverage Common page coverage includes a Service Areas page route","status":"passed","title":"includes a Service Areas page route","duration":0.1412079999990965,"failureMessages":[],"meta":{},"tags":[]},{"ancestorTitles":["Palmetto Epoxy coverage","Common page coverage"],"fullName":"Palmetto Epoxy coverage Common page coverage imports the Service Areas page component","status":"passed","title":"imports the Service Areas page component","duration":12.253958000000239,"failureMessages":[],"meta":{},"tags":[]},{"ancestorTitles":["Palmetto Epoxy coverage","Common page coverage"],"fullName":"Palmetto Epoxy coverage Common page coverage renders the Service Areas page without throwing","status":"passed","title":"renders the Service Areas page without throwing","duration":4.156167000000096,"failureMessages":[],"meta":{},"tags":[]},{"ancestorTitles":["Palmetto Epoxy coverage","Common page coverage"],"fullName":"Palmetto Epoxy coverage Common page coverage includes a Style Guide page route","status":"passed","title":"includes a Style Guide page route","duration":0.14437499999985448,"failureMessages":[],"meta":{},"tags":[]},{"ancestorTitles":["Palmetto Epoxy coverage","Common page coverage"],"fullName":"Palmetto Epoxy coverage Common page coverage imports the Style Guide page component","status":"passed","title":"imports the Style Guide page component","duration":0.7794159999994008,"failureMessages":[],"meta":{},"tags":[]},{"ancestorTitles":["Palmetto Epoxy coverage","Common page coverage"],"fullName":"Palmetto Epoxy coverage Common page coverage renders the Style Guide page without throwing","status":"passed","title":"renders the Style Guide page without throwing","duration":1.0935829999998532,"failureMessages":[],"meta":{},"tags":[]},{"ancestorTitles":["Palmetto Epoxy coverage","Common page coverage"],"fullName":"Palmetto Epoxy coverage Common page coverage includes a Updates page route","status":"passed","title":"includes a Updates page route","duration":0.08812500000021828,"failureMessages":[],"meta":{},"tags":[]},{"ancestorTitles":["Palmetto Epoxy coverage","Common page coverage"],"fullName":"Palmetto Epoxy coverage Common page coverage imports the Updates page component","status":"passed","title":"imports the Updates page component","duration":1.2028330000002825,"failureMessages":[],"meta":{},"tags":[]},{"ancestorTitles":["Palmetto Epoxy coverage","Common page coverage"],"fullName":"Palmetto Epoxy coverage Common page coverage renders the Updates page without throwing","status":"passed","title":"renders the Updates page without throwing","duration":3.1189589999994496,"failureMessages":[],"meta":{},"tags":[]},{"ancestorTitles":["Palmetto Epoxy coverage","Common page coverage"],"fullName":"Palmetto Epoxy coverage Common page coverage renders the global error UI","status":"passed","title":"renders the global error UI","duration":8.740292000000409,"failureMessages":[],"meta":{},"tags":[]},{"ancestorTitles":["Palmetto Epoxy coverage","Common page coverage"],"fullName":"Palmetto Epoxy coverage Common page coverage renders the loading component","status":"passed","title":"renders the loading component","duration":5.429625000000669,"failureMessages":[],"meta":{},"tags":[]},{"ancestorTitles":["Palmetto Epoxy coverage","Common page coverage"],"fullName":"Palmetto Epoxy coverage Common page coverage returns manifest metadata","status":"passed","title":"returns manifest metadata","duration":5.76891599999999,"failureMessages":[],"meta":{},"tags":[]},{"ancestorTitles":["Palmetto Epoxy coverage","Common page coverage"],"fullName":"Palmetto Epoxy coverage Common page coverage generates robots metadata","status":"passed","title":"generates robots metadata","duration":5.6553750000002765,"failureMessages":[],"meta":{},"tags":[]},{"ancestorTitles":["Palmetto Epoxy coverage","Common page coverage"],"fullName":"Palmetto Epoxy coverage Common page coverage generates a sitemap object","status":"passed","title":"generates a sitemap object","duration":5.483707999999751,"failureMessages":[],"meta":{},"tags":[]},{"ancestorTitles":["Palmetto Epoxy coverage","Common page coverage"],"fullName":"Palmetto Epoxy coverage Common page coverage renders the not-found page","status":"passed","title":"renders the not-found page","duration":3.643000000000029,"failureMessages":[],"meta":{},"tags":[]},{"ancestorTitles":["Palmetto Epoxy coverage","Common page coverage"],"fullName":"Palmetto Epoxy coverage Common page coverage renders layout client without error","status":"passed","title":"renders layout client without error","duration":2.7339169999995647,"failureMessages":[],"meta":{},"tags":[]},{"ancestorTitles":["Palmetto Epoxy coverage","Common page coverage"],"fullName":"Palmetto Epoxy coverage Common page coverage renders social tags section","status":"skipped","title":"renders social tags section","failureMessages":[],"meta":{},"tags":[]},{"ancestorTitles":["Palmetto Epoxy coverage","Common page coverage"],"fullName":"Palmetto Epoxy coverage Common page coverage uses real pixelated.config.json siteInfo and route data","status":"passed","title":"uses real pixelated.config.json siteInfo and route data","duration":2.0814589999999953,"failureMessages":[],"meta":{},"tags":[]},{"ancestorTitles":["Palmetto Epoxy coverage","Common page coverage"],"fullName":"Palmetto Epoxy coverage Common page coverage renders root layout with metadata and children","status":"passed","title":"renders root layout with metadata and children","duration":2.041458999999122,"failureMessages":[],"meta":{},"tags":[]},{"ancestorTitles":["Palmetto Epoxy coverage","Common page coverage"],"fullName":"Palmetto Epoxy coverage Common page coverage renders root layout with trailing slash path and fallback metadata","status":"passed","title":"renders root layout with trailing slash path and fallback metadata","duration":1.3623749999997017,"failureMessages":[],"meta":{},"tags":[]},{"ancestorTitles":["Palmetto Epoxy coverage","Common page coverage"],"fullName":"Palmetto Epoxy coverage Common page coverage proxies request headers correctly","status":"passed","title":"proxies request headers correctly","duration":2.0328749999998763,"failureMessages":[],"meta":{},"tags":[]},{"ancestorTitles":["Palmetto Epoxy coverage","Common page coverage"],"fullName":"Palmetto Epoxy coverage Common page coverage proxies request headers with fallback url when href is unavailable","status":"passed","title":"proxies request headers with fallback url when href is unavailable","duration":1.8236249999999927,"failureMessages":[],"meta":{},"tags":[]},{"ancestorTitles":["Palmetto Epoxy coverage","Common page coverage"],"fullName":"Palmetto Epoxy coverage Common page coverage returns humans well-known response","status":"passed","title":"returns humans well-known response","duration":3.581083000000035,"failureMessages":[],"meta":{},"tags":[]},{"ancestorTitles":["Palmetto Epoxy coverage","Common page coverage"],"fullName":"Palmetto Epoxy coverage Common page coverage returns security well-known response","status":"passed","title":"returns security well-known response","duration":1.7383749999999054,"failureMessages":[],"meta":{},"tags":[]},{"ancestorTitles":["Palmetto Epoxy coverage","Common element coverage"],"fullName":"Palmetto Epoxy coverage Common element coverage renders nav with fallback routes when config is unavailable","status":"passed","title":"renders nav with fallback routes when config is unavailable","duration":7.091500000000451,"failureMessages":[],"meta":{},"tags":[]},{"ancestorTitles":["Palmetto Epoxy coverage","Common element coverage"],"fullName":"Palmetto Epoxy coverage Common element coverage renders header without error","status":"passed","title":"renders header without error","duration":4.037583999999697,"failureMessages":[],"meta":{},"tags":[]},{"ancestorTitles":["Palmetto Epoxy coverage","Common element coverage"],"fullName":"Palmetto Epoxy coverage Common element coverage renders footer without error","status":"passed","title":"renders footer without error","duration":6.364875000000211,"failureMessages":[],"meta":{},"tags":[]},{"ancestorTitles":["Palmetto Epoxy coverage","Common element coverage"],"fullName":"Palmetto Epoxy coverage Common element coverage renders layout client without error","status":"passed","title":"renders layout client without error","duration":2.8962090000004537,"failureMessages":[],"meta":{},"tags":[]},{"ancestorTitles":["Palmetto Epoxy coverage","Common element coverage"],"fullName":"Palmetto Epoxy coverage Common element coverage renders app not-found element without error","status":"passed","title":"renders app not-found element without error","duration":1.3498749999998836,"failureMessages":[],"meta":{},"tags":[]},{"ancestorTitles":["Palmetto Epoxy coverage","Common element coverage"],"fullName":"Palmetto Epoxy coverage Common element coverage renders layout client and uses cloudinary fallback product env","status":"passed","title":"renders layout client and uses cloudinary fallback product env","duration":2.0722500000001673,"failureMessages":[],"meta":{},"tags":[]},{"ancestorTitles":["Palmetto Epoxy coverage","Common element coverage"],"fullName":"Palmetto Epoxy coverage Common element coverage renders layout client with explicit cloudinary product env","status":"passed","title":"renders layout client with explicit cloudinary product env","duration":2.3483329999999114,"failureMessages":[],"meta":{},"tags":[]},{"ancestorTitles":["Palmetto Epoxy coverage","Common element coverage"],"fullName":"Palmetto Epoxy coverage Common element coverage uses real pixelated.config.json siteInfo and route data","status":"passed","title":"uses real pixelated.config.json siteInfo and route data","duration":0.42937499999970896,"failureMessages":[],"meta":{},"tags":[]},{"ancestorTitles":["Palmetto Epoxy coverage","Common element coverage"],"fullName":"Palmetto Epoxy coverage Common element coverage renders root layout with trailing slash path and fallback metadata","status":"passed","title":"renders root layout with trailing slash path and fallback metadata","duration":0.6539169999996375,"failureMessages":[],"meta":{},"tags":[]},{"ancestorTitles":["Palmetto Epoxy coverage","Common element coverage"],"fullName":"Palmetto Epoxy coverage Common element coverage proxies request headers correctly","status":"passed","title":"proxies request headers correctly","duration":0.26925000000028376,"failureMessages":[],"meta":{},"tags":[]},{"ancestorTitles":["Palmetto Epoxy coverage","Common element coverage"],"fullName":"Palmetto Epoxy coverage Common element coverage proxies request headers with fallback url when href is unavailable","status":"passed","title":"proxies request headers with fallback url when href is unavailable","duration":0.21037500000056752,"failureMessages":[],"meta":{},"tags":[]},{"ancestorTitles":["Palmetto Epoxy coverage","Common element coverage"],"fullName":"Palmetto Epoxy coverage Common element coverage returns humans well-known response","status":"passed","title":"returns humans well-known response","duration":0.7489999999997963,"failureMessages":[],"meta":{},"tags":[]},{"ancestorTitles":["Palmetto Epoxy coverage","Common element coverage"],"fullName":"Palmetto Epoxy coverage Common element coverage returns security well-known response","status":"passed","title":"returns security well-known response","duration":0.16599999999925785,"failureMessages":[],"meta":{},"tags":[]},{"ancestorTitles":["Palmetto Epoxy coverage","Common blog page coverage"],"fullName":"Palmetto Epoxy coverage Common blog page coverage renders the blog page with posts","status":"passed","title":"renders the blog page with posts","duration":10.912083000000166,"failureMessages":[],"meta":{},"tags":[]},{"ancestorTitles":["Palmetto Epoxy coverage","Common blog page coverage"],"fullName":"Palmetto Epoxy coverage Common blog page coverage renders the blog page when wordpress posts are unavailable","status":"passed","title":"renders the blog page when wordpress posts are unavailable","duration":5.33429200000046,"failureMessages":[],"meta":{},"tags":[]},{"ancestorTitles":["Palmetto Epoxy coverage","Common markdown page coverage"],"fullName":"Palmetto Epoxy coverage Common markdown page coverage renders Blog Calendar loading state","status":"passed","title":"renders Blog Calendar loading state","duration":4.15349999999944,"failureMessages":[],"meta":{},"tags":[]},{"ancestorTitles":["Palmetto Epoxy coverage","Common markdown page coverage"],"fullName":"Palmetto Epoxy coverage Common markdown page coverage renders Blog Calendar error state","status":"passed","title":"renders Blog Calendar error state","duration":3.4708330000003116,"failureMessages":[],"meta":{},"tags":[]},{"ancestorTitles":["Palmetto Epoxy coverage","Common markdown page coverage"],"fullName":"Palmetto Epoxy coverage Common markdown page coverage renders Blog Calendar success state","status":"passed","title":"renders Blog Calendar success state","duration":3.5906669999994847,"failureMessages":[],"meta":{},"tags":[]},{"ancestorTitles":["Palmetto Epoxy coverage","Common markdown page coverage"],"fullName":"Palmetto Epoxy coverage Common markdown page coverage renders Blog Calendar empty markdown fallback","status":"passed","title":"renders Blog Calendar empty markdown fallback","duration":3.0724580000005517,"failureMessages":[],"meta":{},"tags":[]},{"ancestorTitles":["Palmetto Epoxy coverage","Common markdown page coverage"],"fullName":"Palmetto Epoxy coverage Common markdown page coverage renders Updates loading state","status":"passed","title":"renders Updates loading state","duration":3.0371249999998327,"failureMessages":[],"meta":{},"tags":[]},{"ancestorTitles":["Palmetto Epoxy coverage","Common markdown page coverage"],"fullName":"Palmetto Epoxy coverage Common markdown page coverage renders Updates error state","status":"passed","title":"renders Updates error state","duration":3.425333000000137,"failureMessages":[],"meta":{},"tags":[]},{"ancestorTitles":["Palmetto Epoxy coverage","Common markdown page coverage"],"fullName":"Palmetto Epoxy coverage Common markdown page coverage renders Updates success state","status":"passed","title":"renders Updates success state","duration":3.109124999999949,"failureMessages":[],"meta":{},"tags":[]},{"ancestorTitles":["Palmetto Epoxy coverage","Common markdown page coverage"],"fullName":"Palmetto Epoxy coverage Common markdown page coverage renders Updates empty markdown fallback","status":"passed","title":"renders Updates empty markdown fallback","duration":3.6919580000003407,"failureMessages":[],"meta":{},"tags":[]},{"ancestorTitles":["Palmetto Epoxy coverage","Page smoke tests"],"fullName":"Palmetto Epoxy coverage Page smoke tests renders Home page","status":"passed","title":"renders Home page","duration":11.289832999999817,"failureMessages":[],"meta":{},"tags":[]},{"ancestorTitles":["Palmetto Epoxy coverage","Page smoke tests"],"fullName":"Palmetto Epoxy coverage Page smoke tests renders About page","status":"passed","title":"renders About page","duration":7.383541999999579,"failureMessages":[],"meta":{},"tags":[]},{"ancestorTitles":["Palmetto Epoxy coverage","Page smoke tests"],"fullName":"Palmetto Epoxy coverage Page smoke tests renders Services page","status":"passed","title":"renders Services page","duration":6.074374999999236,"failureMessages":[],"meta":{},"tags":[]},{"ancestorTitles":["Palmetto Epoxy coverage","Page smoke tests"],"fullName":"Palmetto Epoxy coverage Page smoke tests renders Contact page","status":"passed","title":"renders Contact page","duration":4.6588339999998425,"failureMessages":[],"meta":{},"tags":[]},{"ancestorTitles":["Palmetto Epoxy coverage","Page smoke tests"],"fullName":"Palmetto Epoxy coverage Page smoke tests renders FAQs page","status":"passed","title":"renders FAQs page","duration":4.548874999999498,"failureMessages":[],"meta":{},"tags":[]},{"ancestorTitles":["Palmetto Epoxy coverage","Page smoke tests"],"fullName":"Palmetto Epoxy coverage Page smoke tests renders Projects page","status":"passed","title":"renders Projects page","duration":8.740125000000262,"failureMessages":[],"meta":{},"tags":[]},{"ancestorTitles":["Palmetto Epoxy coverage","Page smoke tests"],"fullName":"Palmetto Epoxy coverage Page smoke tests renders Submit Review page","status":"passed","title":"renders Submit Review page","duration":8.686832999999751,"failureMessages":[],"meta":{},"tags":[]},{"ancestorTitles":["Palmetto Epoxy coverage","Page smoke tests"],"fullName":"Palmetto Epoxy coverage Page smoke tests renders Style Guide page","status":"passed","title":"renders Style Guide page","duration":3.1986669999996593,"failureMessages":[],"meta":{},"tags":[]},{"ancestorTitles":["Palmetto Epoxy coverage","Page smoke tests"],"fullName":"Palmetto Epoxy coverage Page smoke tests renders Ad Calendar page","status":"passed","title":"renders Ad Calendar page","duration":5.708166999999776,"failureMessages":[],"meta":{},"tags":[]},{"ancestorTitles":["Palmetto Epoxy coverage","Page smoke tests"],"fullName":"Palmetto Epoxy coverage Page smoke tests renders Beaufort Service Area page","status":"passed","title":"renders Beaufort Service Area page","duration":5.379417000000103,"failureMessages":[],"meta":{},"tags":[]},{"ancestorTitles":["Palmetto Epoxy coverage","Page smoke tests"],"fullName":"Palmetto Epoxy coverage Page smoke tests renders Bluffton Service Area page","status":"passed","title":"renders Bluffton Service Area page","duration":2.308332999999948,"failureMessages":[],"meta":{},"tags":[]},{"ancestorTitles":["Palmetto Epoxy coverage","Page smoke tests"],"fullName":"Palmetto Epoxy coverage Page smoke tests renders Hardeeville Service Area page","status":"passed","title":"renders Hardeeville Service Area page","duration":1.9947089999996024,"failureMessages":[],"meta":{},"tags":[]},{"ancestorTitles":["Palmetto Epoxy coverage","Page smoke tests"],"fullName":"Palmetto Epoxy coverage Page smoke tests renders Hilton Head Service Area page","status":"passed","title":"renders Hilton Head Service Area page","duration":1.7919999999994616,"failureMessages":[],"meta":{},"tags":[]},{"ancestorTitles":["Palmetto Epoxy coverage","Page smoke tests"],"fullName":"Palmetto Epoxy coverage Page smoke tests renders Okatie Service Area page","status":"passed","title":"renders Okatie Service Area page","duration":1.8369579999998678,"failureMessages":[],"meta":{},"tags":[]},{"ancestorTitles":["Palmetto Epoxy coverage","Page smoke tests"],"fullName":"Palmetto Epoxy coverage Page smoke tests renders Ridgeland Service Area page","status":"passed","title":"renders Ridgeland Service Area page","duration":1.645542000000205,"failureMessages":[],"meta":{},"tags":[]},{"ancestorTitles":["Palmetto Epoxy coverage","Page smoke tests"],"fullName":"Palmetto Epoxy coverage Page smoke tests renders Commercial Service page","status":"passed","title":"renders Commercial Service page","duration":2.2296660000001793,"failureMessages":[],"meta":{},"tags":[]},{"ancestorTitles":["Palmetto Epoxy coverage","Page smoke tests"],"fullName":"Palmetto Epoxy coverage Page smoke tests renders Concrete Polishing Service page","status":"passed","title":"renders Concrete Polishing Service page","duration":3.5039170000000013,"failureMessages":[],"meta":{},"tags":[]},{"ancestorTitles":["Palmetto Epoxy coverage","Page smoke tests"],"fullName":"Palmetto Epoxy coverage Page smoke tests renders Driveway Coating Service page","status":"passed","title":"renders Driveway Coating Service page","duration":2.8724169999995866,"failureMessages":[],"meta":{},"tags":[]},{"ancestorTitles":["Palmetto Epoxy coverage","Page smoke tests"],"fullName":"Palmetto Epoxy coverage Page smoke tests renders Epoxy Garage Floors Service page","status":"passed","title":"renders Epoxy Garage Floors Service page","duration":2.248750000000655,"failureMessages":[],"meta":{},"tags":[]},{"ancestorTitles":["Palmetto Epoxy coverage","Page smoke tests"],"fullName":"Palmetto Epoxy coverage Page smoke tests renders Paver Sealing Service page","status":"passed","title":"renders Paver Sealing Service page","duration":2.440791999999419,"failureMessages":[],"meta":{},"tags":[]},{"ancestorTitles":["Palmetto Epoxy coverage","Page smoke tests"],"fullName":"Palmetto Epoxy coverage Page smoke tests renders Residential Service page","status":"passed","title":"renders Residential Service page","duration":6.7600839999995515,"failureMessages":[],"meta":{},"tags":[]},{"ancestorTitles":["Palmetto Epoxy coverage","Page smoke tests"],"fullName":"Palmetto Epoxy coverage Page smoke tests renders Resin Countertops Service page","status":"passed","title":"renders Resin Countertops Service page","duration":4.0222499999999854,"failureMessages":[],"meta":{},"tags":[]},{"ancestorTitles":["Palmetto Epoxy coverage","Palmetto Epoxy project detail coverage"],"fullName":"Palmetto Epoxy coverage Palmetto Epoxy project detail coverage renders the project detail page with contentful tile cards","status":"passed","title":"renders the project detail page with contentful tile cards","duration":5.395750000000589,"failureMessages":[],"meta":{},"tags":[]},{"ancestorTitles":["Palmetto Epoxy coverage","Palmetto Epoxy project detail coverage"],"fullName":"Palmetto Epoxy coverage Palmetto Epoxy project detail coverage renders the project detail page loading fallback when config is unavailable","status":"passed","title":"renders the project detail page loading fallback when config is unavailable","duration":3.040208999999777,"failureMessages":[],"meta":{},"tags":[]}],"startTime":1781994848822,"endTime":1781994849137.0403,"status":"passed","message":"","name":"/Volumes/btw_x10pro/Git/pixelated-tech/apps/palmetto-epoxy/src/tests/site.test.tsx"}],"coverageMap":{"/Volumes/btw_x10pro/Git/pixelated-tech/apps/palmetto-epoxy/src/app/(pages)/adcalendar/page.tsx":{"path":"/Volumes/btw_x10pro/Git/pixelated-tech/apps/palmetto-epoxy/src/app/(pages)/adcalendar/page.tsx","statementMap":{"0":{"start":{"line":1,"column":0},"end":{"line":1,"column":null}},"1":{"start":{"line":7,"column":36},"end":{"line":7,"column":null}},"2":{"start":{"line":8,"column":1},"end":{"line":8,"column":null}},"3":{"start":{"line":8,"column":14},"end":{"line":8,"column":null}},"4":{"start":{"line":9,"column":1},"end":{"line":9,"column":null}},"5":{"start":{"line":9,"column":12},"end":{"line":9,"column":null}},"6":{"start":{"line":10,"column":1},"end":{"line":13,"column":null}}},"fnMap":{"0":{"name":"AdCalendarPage","decl":{"start":{"line":6,"column":24},"end":{"line":6,"column":41}},"loc":{"start":{"line":6,"column":41},"end":{"line":15,"column":null}},"line":6}},"branchMap":{"0":{"loc":{"start":{"line":8,"column":1},"end":{"line":8,"column":null}},"type":"if","locations":[{"start":{"line":8,"column":1},"end":{"line":8,"column":null}},{"start":{},"end":{}}],"line":8},"1":{"loc":{"start":{"line":9,"column":1},"end":{"line":9,"column":null}},"type":"if","locations":[{"start":{"line":9,"column":1},"end":{"line":9,"column":null}},{"start":{},"end":{}}],"line":9},"2":{"loc":{"start":{"line":12,"column":27},"end":{"line":12,"column":46}},"type":"binary-expr","locations":[{"start":{"line":12,"column":27},"end":{"line":12,"column":41}},{"start":{"line":12,"column":41},"end":{"line":12,"column":46}}],"line":12}},"s":{"0":1,"1":1,"2":1,"3":0,"4":1,"5":0,"6":1},"f":{"0":1},"b":{"0":[0,1],"1":[0,1],"2":[1,0]},"meta":{"lastBranch":3,"lastFunction":1,"lastStatement":7,"seen":{"s:1:0:1:Infinity":0,"f:6:24:6:41":0,"s:7:36:7:Infinity":1,"b:8:1:8:Infinity:undefined:undefined:undefined:undefined":0,"s:8:1:8:Infinity":2,"s:8:14:8:Infinity":3,"b:9:1:9:Infinity:undefined:undefined:undefined:undefined":1,"s:9:1:9:Infinity":4,"s:9:12:9:Infinity":5,"s:10:1:13:Infinity":6,"b:12:27:12:41:12:41:12:46":2}}},"/Volumes/btw_x10pro/Git/pixelated-tech/apps/palmetto-epoxy/src/app/(pages)/about/page.tsx":{"path":"/Volumes/btw_x10pro/Git/pixelated-tech/apps/palmetto-epoxy/src/app/(pages)/about/page.tsx","statementMap":{"0":{"start":{"line":1,"column":0},"end":{"line":1,"column":null}},"1":{"start":{"line":9,"column":1},"end":{"line":45,"column":null}}},"fnMap":{"0":{"name":"AboutPage","decl":{"start":{"line":8,"column":24},"end":{"line":8,"column":36}},"loc":{"start":{"line":8,"column":36},"end":{"line":47,"column":null}},"line":8}},"branchMap":{},"s":{"0":1,"1":2},"f":{"0":2},"b":{},"meta":{"lastBranch":0,"lastFunction":1,"lastStatement":2,"seen":{"s:1:0:1:Infinity":0,"f:8:24:8:36":0,"s:9:1:45:Infinity":1}}},"/Volumes/btw_x10pro/Git/pixelated-tech/apps/palmetto-epoxy/src/app/(pages)/blog/page.tsx":{"path":"/Volumes/btw_x10pro/Git/pixelated-tech/apps/palmetto-epoxy/src/app/(pages)/blog/page.tsx","statementMap":{"0":{"start":{"line":1,"column":0},"end":{"line":1,"column":null}},"1":{"start":{"line":12,"column":7},"end":{"line":12,"column":null}},"2":{"start":{"line":13,"column":23},"end":{"line":13,"column":null}},"3":{"start":{"line":16,"column":18},"end":{"line":16,"column":null}},"4":{"start":{"line":18,"column":1},"end":{"line":25,"column":null}},"5":{"start":{"line":19,"column":2},"end":{"line":19,"column":null}},"6":{"start":{"line":20,"column":2},"end":{"line":24,"column":null}},"7":{"start":{"line":21,"column":17},"end":{"line":21,"column":null}},"8":{"start":{"line":22,"column":3},"end":{"line":22,"column":null}},"9":{"start":{"line":23,"column":3},"end":{"line":23,"column":null}},"10":{"start":{"line":27,"column":1},"end":{"line":31,"column":null}},"11":{"start":{"line":28,"column":2},"end":{"line":30,"column":null}},"12":{"start":{"line":33,"column":1},"end":{"line":39,"column":null}}},"fnMap":{"0":{"name":"BlogPage","decl":{"start":{"line":11,"column":24},"end":{"line":11,"column":35}},"loc":{"start":{"line":11,"column":35},"end":{"line":41,"column":null}},"line":11},"1":{"name":"(anonymous_1)","decl":{"start":{"line":18,"column":1},"end":{"line":18,"column":17}},"loc":{"start":{"line":18,"column":17},"end":{"line":25,"column":4}},"line":18},"2":{"name":"(anonymous_2)","decl":{"start":{"line":20,"column":3},"end":{"line":20,"column":15}},"loc":{"start":{"line":20,"column":15},"end":{"line":24,"column":5}},"line":20},"3":{"name":"(anonymous_3)","decl":{"start":{"line":27,"column":1},"end":{"line":27,"column":17}},"loc":{"start":{"line":27,"column":17},"end":{"line":31,"column":4}},"line":27}},"branchMap":{"0":{"loc":{"start":{"line":13,"column":23},"end":{"line":13,"column":null}},"type":"binary-expr","locations":[{"start":{"line":13,"column":23},"end":{"line":13,"column":73}},{"start":{"line":13,"column":73},"end":{"line":13,"column":null}}],"line":13},"1":{"loc":{"start":{"line":22,"column":14},"end":{"line":22,"column":25}},"type":"binary-expr","locations":[{"start":{"line":22,"column":14},"end":{"line":22,"column":23}},{"start":{"line":22,"column":23},"end":{"line":22,"column":25}}],"line":22}},"s":{"0":1,"1":5,"2":5,"3":5,"4":5,"5":3,"6":3,"7":3,"8":3,"9":3,"10":5,"11":3,"12":5},"f":{"0":5,"1":3,"2":3,"3":3},"b":{"0":[5,0],"1":[3,1]},"meta":{"lastBranch":2,"lastFunction":4,"lastStatement":13,"seen":{"s:1:0:1:Infinity":0,"f:11:24:11:35":0,"s:12:7:12:Infinity":1,"s:13:23:13:Infinity":2,"b:13:23:13:73:13:73:13:Infinity":0,"s:16:18:16:Infinity":3,"s:18:1:25:Infinity":4,"f:18:1:18:17":1,"s:19:2:19:Infinity":5,"s:20:2:24:Infinity":6,"f:20:3:20:15":2,"s:21:17:21:Infinity":7,"s:22:3:22:Infinity":8,"b:22:14:22:23:22:23:22:25":1,"s:23:3:23:Infinity":9,"s:27:1:31:Infinity":10,"f:27:1:27:17":3,"s:28:2:30:Infinity":11,"s:33:1:39:Infinity":12}}},"/Volumes/btw_x10pro/Git/pixelated-tech/apps/palmetto-epoxy/src/app/(pages)/blogcalendar/page.tsx":{"path":"/Volumes/btw_x10pro/Git/pixelated-tech/apps/palmetto-epoxy/src/app/(pages)/blogcalendar/page.tsx","statementMap":{"0":{"start":{"line":1,"column":0},"end":{"line":1,"column":null}},"1":{"start":{"line":7,"column":36},"end":{"line":7,"column":null}},"2":{"start":{"line":8,"column":1},"end":{"line":8,"column":null}},"3":{"start":{"line":8,"column":14},"end":{"line":8,"column":null}},"4":{"start":{"line":9,"column":1},"end":{"line":9,"column":null}},"5":{"start":{"line":9,"column":12},"end":{"line":9,"column":null}},"6":{"start":{"line":10,"column":1},"end":{"line":13,"column":null}}},"fnMap":{"0":{"name":"BlogCalendarPage","decl":{"start":{"line":6,"column":24},"end":{"line":6,"column":43}},"loc":{"start":{"line":6,"column":43},"end":{"line":15,"column":null}},"line":6}},"branchMap":{"0":{"loc":{"start":{"line":8,"column":1},"end":{"line":8,"column":null}},"type":"if","locations":[{"start":{"line":8,"column":1},"end":{"line":8,"column":null}},{"start":{},"end":{}}],"line":8},"1":{"loc":{"start":{"line":9,"column":1},"end":{"line":9,"column":null}},"type":"if","locations":[{"start":{"line":9,"column":1},"end":{"line":9,"column":null}},{"start":{},"end":{}}],"line":9},"2":{"loc":{"start":{"line":12,"column":27},"end":{"line":12,"column":46}},"type":"binary-expr","locations":[{"start":{"line":12,"column":27},"end":{"line":12,"column":41}},{"start":{"line":12,"column":41},"end":{"line":12,"column":46}}],"line":12}},"s":{"0":1,"1":5,"2":5,"3":1,"4":4,"5":4,"6":3},"f":{"0":5},"b":{"0":[1,4],"1":[1,3],"2":[3,1]},"meta":{"lastBranch":3,"lastFunction":1,"lastStatement":7,"seen":{"s:1:0:1:Infinity":0,"f:6:24:6:43":0,"s:7:36:7:Infinity":1,"b:8:1:8:Infinity:undefined:undefined:undefined:undefined":0,"s:8:1:8:Infinity":2,"s:8:14:8:Infinity":3,"b:9:1:9:Infinity:undefined:undefined:undefined:undefined":1,"s:9:1:9:Infinity":4,"s:9:12:9:Infinity":5,"s:10:1:13:Infinity":6,"b:12:27:12:41:12:41:12:46":2}}},"/Volumes/btw_x10pro/Git/pixelated-tech/apps/palmetto-epoxy/src/app/(pages)/(home)/page.tsx":{"path":"/Volumes/btw_x10pro/Git/pixelated-tech/apps/palmetto-epoxy/src/app/(pages)/(home)/page.tsx","statementMap":{"0":{"start":{"line":2,"column":0},"end":{"line":2,"column":null}},"1":{"start":{"line":15,"column":7},"end":{"line":15,"column":null}},"2":{"start":{"line":16,"column":23},"end":{"line":16,"column":null}},"3":{"start":{"line":18,"column":1},"end":{"line":20,"column":null}},"4":{"start":{"line":19,"column":2},"end":{"line":19,"column":null}},"5":{"start":{"line":21,"column":18},"end":{"line":21,"column":null}},"6":{"start":{"line":22,"column":1},"end":{"line":29,"column":null}},"7":{"start":{"line":23,"column":2},"end":{"line":23,"column":null}},"8":{"start":{"line":24,"column":2},"end":{"line":28,"column":null}},"9":{"start":{"line":25,"column":17},"end":{"line":25,"column":null}},"10":{"start":{"line":26,"column":3},"end":{"line":26,"column":null}},"11":{"start":{"line":27,"column":3},"end":{"line":27,"column":null}},"12":{"start":{"line":31,"column":1},"end":{"line":126,"column":null}},"13":{"start":{"line":43,"column":46},"end":{"line":43,"column":81}},"14":{"start":{"line":97,"column":45},"end":{"line":97,"column":85}}},"fnMap":{"0":{"name":"Home","decl":{"start":{"line":13,"column":24},"end":{"line":13,"column":31}},"loc":{"start":{"line":13,"column":31},"end":{"line":128,"column":null}},"line":13},"1":{"name":"(anonymous_1)","decl":{"start":{"line":22,"column":1},"end":{"line":22,"column":17}},"loc":{"start":{"line":22,"column":17},"end":{"line":29,"column":4}},"line":22},"2":{"name":"(anonymous_2)","decl":{"start":{"line":24,"column":3},"end":{"line":24,"column":15}},"loc":{"start":{"line":24,"column":15},"end":{"line":28,"column":5}},"line":24},"3":{"name":"(anonymous_3)","decl":{"start":{"line":43,"column":29},"end":{"line":43,"column":44}},"loc":{"start":{"line":43,"column":44},"end":{"line":43,"column":84}},"line":43},"4":{"name":"(anonymous_4)","decl":{"start":{"line":97,"column":28},"end":{"line":97,"column":43}},"loc":{"start":{"line":97,"column":43},"end":{"line":97,"column":88}},"line":97}},"branchMap":{"0":{"loc":{"start":{"line":16,"column":23},"end":{"line":16,"column":null}},"type":"binary-expr","locations":[{"start":{"line":16,"column":23},"end":{"line":16,"column":73}},{"start":{"line":16,"column":73},"end":{"line":16,"column":null}}],"line":16},"1":{"loc":{"start":{"line":18,"column":1},"end":{"line":20,"column":null}},"type":"if","locations":[{"start":{"line":18,"column":1},"end":{"line":20,"column":null}},{"start":{},"end":{}}],"line":18},"2":{"loc":{"start":{"line":26,"column":14},"end":{"line":26,"column":25}},"type":"binary-expr","locations":[{"start":{"line":26,"column":14},"end":{"line":26,"column":23}},{"start":{"line":26,"column":23},"end":{"line":26,"column":25}}],"line":26}},"s":{"0":1,"1":2,"2":2,"3":2,"4":0,"5":2,"6":2,"7":1,"8":1,"9":1,"10":1,"11":1,"12":2,"13":0,"14":0},"f":{"0":2,"1":1,"2":1,"3":0,"4":0},"b":{"0":[2,0],"1":[0,2],"2":[1,0]},"meta":{"lastBranch":3,"lastFunction":5,"lastStatement":15,"seen":{"s:2:0:2:Infinity":0,"f:13:24:13:31":0,"s:15:7:15:Infinity":1,"s:16:23:16:Infinity":2,"b:16:23:16:73:16:73:16:Infinity":0,"b:18:1:20:Infinity:undefined:undefined:undefined:undefined":1,"s:18:1:20:Infinity":3,"s:19:2:19:Infinity":4,"s:21:18:21:Infinity":5,"s:22:1:29:Infinity":6,"f:22:1:22:17":1,"s:23:2:23:Infinity":7,"s:24:2:28:Infinity":8,"f:24:3:24:15":2,"s:25:17:25:Infinity":9,"s:26:3:26:Infinity":10,"b:26:14:26:23:26:23:26:25":2,"s:27:3:27:Infinity":11,"s:31:1:126:Infinity":12,"f:43:29:43:44":3,"s:43:46:43:81":13,"f:97:28:97:43":4,"s:97:45:97:85":14}}},"/Volumes/btw_x10pro/Git/pixelated-tech/apps/palmetto-epoxy/src/app/(pages)/faqs/page.tsx":{"path":"/Volumes/btw_x10pro/Git/pixelated-tech/apps/palmetto-epoxy/src/app/(pages)/faqs/page.tsx","statementMap":{"0":{"start":{"line":1,"column":0},"end":{"line":1,"column":null}},"1":{"start":{"line":9,"column":1},"end":{"line":16,"column":null}}},"fnMap":{"0":{"name":"FAQPage","decl":{"start":{"line":8,"column":24},"end":{"line":8,"column":34}},"loc":{"start":{"line":8,"column":34},"end":{"line":18,"column":null}},"line":8}},"branchMap":{},"s":{"0":1,"1":2},"f":{"0":2},"b":{},"meta":{"lastBranch":0,"lastFunction":1,"lastStatement":2,"seen":{"s:1:0:1:Infinity":0,"f:8:24:8:34":0,"s:9:1:16:Infinity":1}}},"/Volumes/btw_x10pro/Git/pixelated-tech/apps/palmetto-epoxy/src/app/(pages)/contact/page.tsx":{"path":"/Volumes/btw_x10pro/Git/pixelated-tech/apps/palmetto-epoxy/src/app/(pages)/contact/page.tsx","statementMap":{"0":{"start":{"line":1,"column":0},"end":{"line":1,"column":null}},"1":{"start":{"line":16,"column":1},"end":{"line":54,"column":null}}},"fnMap":{"0":{"name":"ContactPage","decl":{"start":{"line":14,"column":24},"end":{"line":14,"column":38}},"loc":{"start":{"line":14,"column":38},"end":{"line":56,"column":null}},"line":14}},"branchMap":{},"s":{"0":1,"1":2},"f":{"0":2},"b":{},"meta":{"lastBranch":0,"lastFunction":1,"lastStatement":2,"seen":{"s:1:0:1:Infinity":0,"f:14:24:14:38":0,"s:16:1:54:Infinity":1}}},"/Volumes/btw_x10pro/Git/pixelated-tech/apps/palmetto-epoxy/src/app/(pages)/projects/[project]/page.tsx":{"path":"/Volumes/btw_x10pro/Git/pixelated-tech/apps/palmetto-epoxy/src/app/(pages)/projects/[project]/page.tsx","statementMap":{"0":{"start":{"line":2,"column":0},"end":{"line":2,"column":null}},"1":{"start":{"line":24,"column":7},"end":{"line":24,"column":null}},"2":{"start":{"line":26,"column":1},"end":{"line":26,"column":null}},"3":{"start":{"line":26,"column":25},"end":{"line":26,"column":45}},"4":{"start":{"line":28,"column":18},"end":{"line":33,"column":null}},"5":{"start":{"line":35,"column":16},"end":{"line":35,"column":null}},"6":{"start":{"line":36,"column":21},"end":{"line":36,"column":null}},"7":{"start":{"line":37,"column":7},"end":{"line":37,"column":null}},"8":{"start":{"line":39,"column":21},"end":{"line":39,"column":null}},"9":{"start":{"line":40,"column":17},"end":{"line":40,"column":null}},"10":{"start":{"line":42,"column":1},"end":{"line":62,"column":null}},"11":{"start":{"line":44,"column":2},"end":{"line":44,"column":null}},"12":{"start":{"line":46,"column":2},"end":{"line":48,"column":null}},"13":{"start":{"line":47,"column":3},"end":{"line":47,"column":null}},"14":{"start":{"line":50,"column":23},"end":{"line":50,"column":null}},"15":{"start":{"line":51,"column":17},"end":{"line":51,"column":null}},"16":{"start":{"line":52,"column":16},"end":{"line":56,"column":null}},"17":{"start":{"line":57,"column":3},"end":{"line":57,"column":null}},"18":{"start":{"line":58,"column":18},"end":{"line":58,"column":null}},"19":{"start":{"line":59,"column":3},"end":{"line":59,"column":null}},"20":{"start":{"line":61,"column":2},"end":{"line":61,"column":null}},"21":{"start":{"line":64,"column":19},"end":{"line":64,"column":null}},"22":{"start":{"line":65,"column":1},"end":{"line":70,"column":null}},"23":{"start":{"line":66,"column":2},"end":{"line":66,"column":null}},"24":{"start":{"line":67,"column":2},"end":{"line":69,"column":null}},"25":{"start":{"line":68,"column":3},"end":{"line":68,"column":null}},"26":{"start":{"line":72,"column":1},"end":{"line":107,"column":null}},"27":{"start":{"line":83,"column":46},"end":{"line":89,"column":9}}},"fnMap":{"0":{"name":"Project","decl":{"start":{"line":12,"column":24},"end":{"line":12,"column":33}},"loc":{"start":{"line":12,"column":33},"end":{"line":109,"column":null}},"line":12},"1":{"name":"(anonymous_1)","decl":{"start":{"line":42,"column":1},"end":{"line":42,"column":17}},"loc":{"start":{"line":42,"column":17},"end":{"line":62,"column":4}},"line":42},"2":{"name":"getTileCards","decl":{"start":{"line":49,"column":17},"end":{"line":49,"column":30}},"loc":{"start":{"line":49,"column":47},"end":{"line":60,"column":null}},"line":49},"3":{"name":"(anonymous_3)","decl":{"start":{"line":65,"column":1},"end":{"line":65,"column":17}},"loc":{"start":{"line":65,"column":17},"end":{"line":70,"column":4}},"line":65},"4":{"name":"(anonymous_4)","decl":{"start":{"line":67,"column":2},"end":{"line":67,"column":15}},"loc":{"start":{"line":67,"column":15},"end":{"line":69,"column":null}},"line":67},"5":{"name":"(anonymous_5)","decl":{"start":{"line":83,"column":24},"end":{"line":83,"column":29}},"loc":{"start":{"line":83,"column":46},"end":{"line":89,"column":9}},"line":83}},"branchMap":{"0":{"loc":{"start":{"line":26,"column":1},"end":{"line":26,"column":null}},"type":"if","locations":[{"start":{"line":26,"column":1},"end":{"line":26,"column":null}},{"start":{},"end":{}}],"line":26},"1":{"loc":{"start":{"line":29,"column":12},"end":{"line":29,"column":null}},"type":"binary-expr","locations":[{"start":{"line":29,"column":12},"end":{"line":29,"column":67}},{"start":{"line":29,"column":67},"end":{"line":29,"column":null}}],"line":29},"2":{"loc":{"start":{"line":30,"column":12},"end":{"line":30,"column":null}},"type":"binary-expr","locations":[{"start":{"line":30,"column":12},"end":{"line":30,"column":67}},{"start":{"line":30,"column":67},"end":{"line":30,"column":null}}],"line":30},"3":{"loc":{"start":{"line":31,"column":15},"end":{"line":31,"column":null}},"type":"binary-expr","locations":[{"start":{"line":31,"column":15},"end":{"line":31,"column":73}},{"start":{"line":31,"column":73},"end":{"line":31,"column":null}}],"line":31},"4":{"loc":{"start":{"line":32,"column":25},"end":{"line":32,"column":null}},"type":"binary-expr","locations":[{"start":{"line":32,"column":25},"end":{"line":32,"column":93}},{"start":{"line":32,"column":93},"end":{"line":32,"column":null}}],"line":32},"5":{"loc":{"start":{"line":39,"column":21},"end":{"line":39,"column":null}},"type":"cond-expr","locations":[{"start":{"line":39,"column":59},"end":{"line":39,"column":76}},{"start":{"line":39,"column":76},"end":{"line":39,"column":null}}],"line":39},"6":{"loc":{"start":{"line":40,"column":17},"end":{"line":40,"column":null}},"type":"cond-expr","locations":[{"start":{"line":40,"column":17},"end":{"line":40,"column":78}},{"start":{"line":40,"column":78},"end":{"line":40,"column":null}}],"line":40},"7":{"loc":{"start":{"line":46,"column":2},"end":{"line":48,"column":null}},"type":"if","locations":[{"start":{"line":46,"column":2},"end":{"line":48,"column":null}},{"start":{},"end":{}}],"line":46},"8":{"loc":{"start":{"line":74,"column":5},"end":{"line":104,"column":4}},"type":"cond-expr","locations":[{"start":{"line":75,"column":9},"end":{"line":99,"column":5}},{"start":{"line":99,"column":4},"end":{"line":104,"column":4}}],"line":74},"9":{"loc":{"start":{"line":76,"column":38},"end":{"line":76,"column":65}},"type":"binary-expr","locations":[{"start":{"line":76,"column":38},"end":{"line":76,"column":60}},{"start":{"line":76,"column":60},"end":{"line":76,"column":65}}],"line":76},"10":{"loc":{"start":{"line":88,"column":18},"end":{"line":88,"column":null}},"type":"binary-expr","locations":[{"start":{"line":88,"column":18},"end":{"line":88,"column":35}},{"start":{"line":88,"column":35},"end":{"line":88,"column":null}}],"line":88}},"s":{"0":1,"1":4,"2":4,"3":1,"4":3,"5":4,"6":4,"7":4,"8":4,"9":4,"10":4,"11":1,"12":1,"13":0,"14":1,"15":1,"16":1,"17":1,"18":1,"19":1,"20":1,"21":4,"22":4,"23":1,"24":1,"25":1,"26":4,"27":1},"f":{"0":4,"1":1,"2":1,"3":1,"4":1,"5":1},"b":{"0":[1,3],"1":[3,0],"2":[4,0],"3":[4,0],"4":[4,0],"5":[3,0],"6":[3,0],"7":[0,1],"8":[2,1],"9":[2,1],"10":[1,0]},"meta":{"lastBranch":11,"lastFunction":6,"lastStatement":28,"seen":{"s:2:0:2:Infinity":0,"f:12:24:12:33":0,"s:24:7:24:Infinity":1,"b:26:1:26:Infinity:undefined:undefined:undefined:undefined":0,"s:26:1:26:Infinity":2,"s:26:25:26:45":3,"s:28:18:33:Infinity":4,"b:29:12:29:67:29:67:29:Infinity":1,"b:30:12:30:67:30:67:30:Infinity":2,"b:31:15:31:73:31:73:31:Infinity":3,"b:32:25:32:93:32:93:32:Infinity":4,"s:35:16:35:Infinity":5,"s:36:21:36:Infinity":6,"s:37:7:37:Infinity":7,"s:39:21:39:Infinity":8,"b:39:59:39:76:39:76:39:Infinity":5,"s:40:17:40:Infinity":9,"b:40:17:40:78:40:78:40:Infinity":6,"s:42:1:62:Infinity":10,"f:42:1:42:17":1,"s:44:2:44:Infinity":11,"b:46:2:48:Infinity:undefined:undefined:undefined:undefined":7,"s:46:2:48:Infinity":12,"s:47:3:47:Infinity":13,"f:49:17:49:30":2,"s:50:23:50:Infinity":14,"s:51:17:51:Infinity":15,"s:52:16:56:Infinity":16,"s:57:3:57:Infinity":17,"s:58:18:58:Infinity":18,"s:59:3:59:Infinity":19,"s:61:2:61:Infinity":20,"s:64:19:64:Infinity":21,"s:65:1:70:Infinity":22,"f:65:1:65:17":3,"s:66:2:66:Infinity":23,"s:67:2:69:Infinity":24,"f:67:2:67:15":4,"s:68:3:68:Infinity":25,"s:72:1:107:Infinity":26,"b:75:9:99:5:99:4:104:4":8,"b:76:38:76:60:76:60:76:65":9,"f:83:24:83:29":5,"s:83:46:89:9":27,"b:88:18:88:35:88:35:88:Infinity":10}}},"/Volumes/btw_x10pro/Git/pixelated-tech/apps/palmetto-epoxy/src/app/(pages)/service-areas/bluffton-sc/page.tsx":{"path":"/Volumes/btw_x10pro/Git/pixelated-tech/apps/palmetto-epoxy/src/app/(pages)/service-areas/bluffton-sc/page.tsx","statementMap":{"0":{"start":{"line":1,"column":0},"end":{"line":1,"column":null}},"1":{"start":{"line":9,"column":1},"end":{"line":43,"column":null}}},"fnMap":{"0":{"name":"BlufftonSC_ServiceLocation","decl":{"start":{"line":8,"column":24},"end":{"line":8,"column":53}},"loc":{"start":{"line":8,"column":53},"end":{"line":45,"column":null}},"line":8}},"branchMap":{},"s":{"0":1,"1":1},"f":{"0":1},"b":{},"meta":{"lastBranch":0,"lastFunction":1,"lastStatement":2,"seen":{"s:1:0:1:Infinity":0,"f:8:24:8:53":0,"s:9:1:43:Infinity":1}}},"/Volumes/btw_x10pro/Git/pixelated-tech/apps/palmetto-epoxy/src/app/(pages)/service-areas/okatie-sc/page.tsx":{"path":"/Volumes/btw_x10pro/Git/pixelated-tech/apps/palmetto-epoxy/src/app/(pages)/service-areas/okatie-sc/page.tsx","statementMap":{"0":{"start":{"line":1,"column":0},"end":{"line":1,"column":null}},"1":{"start":{"line":9,"column":1},"end":{"line":43,"column":null}}},"fnMap":{"0":{"name":"OkatieSC_ServiceLocation","decl":{"start":{"line":8,"column":24},"end":{"line":8,"column":51}},"loc":{"start":{"line":8,"column":51},"end":{"line":45,"column":null}},"line":8}},"branchMap":{},"s":{"0":1,"1":1},"f":{"0":1},"b":{},"meta":{"lastBranch":0,"lastFunction":1,"lastStatement":2,"seen":{"s:1:0:1:Infinity":0,"f:8:24:8:51":0,"s:9:1:43:Infinity":1}}},"/Volumes/btw_x10pro/Git/pixelated-tech/apps/palmetto-epoxy/src/app/(pages)/service-areas/hardeeville-sc/page.tsx":{"path":"/Volumes/btw_x10pro/Git/pixelated-tech/apps/palmetto-epoxy/src/app/(pages)/service-areas/hardeeville-sc/page.tsx","statementMap":{"0":{"start":{"line":1,"column":0},"end":{"line":1,"column":null}},"1":{"start":{"line":9,"column":1},"end":{"line":43,"column":null}}},"fnMap":{"0":{"name":"HardeevilleSC_ServiceLocation","decl":{"start":{"line":8,"column":24},"end":{"line":8,"column":56}},"loc":{"start":{"line":8,"column":56},"end":{"line":45,"column":null}},"line":8}},"branchMap":{},"s":{"0":1,"1":1},"f":{"0":1},"b":{},"meta":{"lastBranch":0,"lastFunction":1,"lastStatement":2,"seen":{"s:1:0:1:Infinity":0,"f:8:24:8:56":0,"s:9:1:43:Infinity":1}}},"/Volumes/btw_x10pro/Git/pixelated-tech/apps/palmetto-epoxy/src/app/(pages)/service-areas/beaufort-sc/page.tsx":{"path":"/Volumes/btw_x10pro/Git/pixelated-tech/apps/palmetto-epoxy/src/app/(pages)/service-areas/beaufort-sc/page.tsx","statementMap":{"0":{"start":{"line":1,"column":0},"end":{"line":1,"column":null}},"1":{"start":{"line":9,"column":1},"end":{"line":44,"column":null}}},"fnMap":{"0":{"name":"BeaufortSC_ServiceLocation","decl":{"start":{"line":8,"column":24},"end":{"line":8,"column":53}},"loc":{"start":{"line":8,"column":53},"end":{"line":46,"column":null}},"line":8}},"branchMap":{},"s":{"0":1,"1":1},"f":{"0":1},"b":{},"meta":{"lastBranch":0,"lastFunction":1,"lastStatement":2,"seen":{"s:1:0:1:Infinity":0,"f:8:24:8:53":0,"s:9:1:44:Infinity":1}}},"/Volumes/btw_x10pro/Git/pixelated-tech/apps/palmetto-epoxy/src/app/(pages)/service-areas/page.tsx":{"path":"/Volumes/btw_x10pro/Git/pixelated-tech/apps/palmetto-epoxy/src/app/(pages)/service-areas/page.tsx","statementMap":{"0":{"start":{"line":1,"column":0},"end":{"line":1,"column":null}},"1":{"start":{"line":10,"column":1},"end":{"line":97,"column":null}}},"fnMap":{"0":{"name":"ServiceAreasPage","decl":{"start":{"line":9,"column":24},"end":{"line":9,"column":43}},"loc":{"start":{"line":9,"column":43},"end":{"line":99,"column":null}},"line":9}},"branchMap":{},"s":{"0":1,"1":1},"f":{"0":1},"b":{},"meta":{"lastBranch":0,"lastFunction":1,"lastStatement":2,"seen":{"s:1:0:1:Infinity":0,"f:9:24:9:43":0,"s:10:1:97:Infinity":1}}},"/Volumes/btw_x10pro/Git/pixelated-tech/apps/palmetto-epoxy/src/app/(pages)/projects/page.tsx":{"path":"/Volumes/btw_x10pro/Git/pixelated-tech/apps/palmetto-epoxy/src/app/(pages)/projects/page.tsx","statementMap":{"0":{"start":{"line":1,"column":0},"end":{"line":1,"column":null}},"1":{"start":{"line":15,"column":25},"end":{"line":15,"column":null}},"2":{"start":{"line":17,"column":7},"end":{"line":17,"column":null}},"3":{"start":{"line":19,"column":1},"end":{"line":19,"column":null}},"4":{"start":{"line":19,"column":25},"end":{"line":19,"column":45}},"5":{"start":{"line":21,"column":18},"end":{"line":26,"column":null}},"6":{"start":{"line":28,"column":1},"end":{"line":54,"column":null}},"7":{"start":{"line":30,"column":23},"end":{"line":30,"column":null}},"8":{"start":{"line":31,"column":21},"end":{"line":31,"column":null}},"9":{"start":{"line":32,"column":44},"end":{"line":32,"column":null}},"10":{"start":{"line":33,"column":3},"end":{"line":50,"column":null}},"11":{"start":{"line":34,"column":4},"end":{"line":49,"column":null}},"12":{"start":{"line":35,"column":20},"end":{"line":35,"column":null}},"13":{"start":{"line":36,"column":5},"end":{"line":48,"column":null}},"14":{"start":{"line":51,"column":3},"end":{"line":51,"column":null}},"15":{"start":{"line":53,"column":2},"end":{"line":53,"column":null}},"16":{"start":{"line":56,"column":1},"end":{"line":70,"column":null}}},"fnMap":{"0":{"name":"ProjectsPage","decl":{"start":{"line":13,"column":24},"end":{"line":13,"column":39}},"loc":{"start":{"line":13,"column":39},"end":{"line":72,"column":null}},"line":13},"1":{"name":"(anonymous_1)","decl":{"start":{"line":28,"column":1},"end":{"line":28,"column":17}},"loc":{"start":{"line":28,"column":17},"end":{"line":54,"column":4}},"line":28},"2":{"name":"getCarouselCards","decl":{"start":{"line":29,"column":17},"end":{"line":29,"column":36}},"loc":{"start":{"line":29,"column":36},"end":{"line":52,"column":null}},"line":29}},"branchMap":{"0":{"loc":{"start":{"line":19,"column":1},"end":{"line":19,"column":null}},"type":"if","locations":[{"start":{"line":19,"column":1},"end":{"line":19,"column":null}},{"start":{},"end":{}}],"line":19},"1":{"loc":{"start":{"line":22,"column":12},"end":{"line":22,"column":null}},"type":"binary-expr","locations":[{"start":{"line":22,"column":12},"end":{"line":22,"column":67}},{"start":{"line":22,"column":67},"end":{"line":22,"column":null}}],"line":22},"2":{"loc":{"start":{"line":23,"column":12},"end":{"line":23,"column":null}},"type":"binary-expr","locations":[{"start":{"line":23,"column":12},"end":{"line":23,"column":67}},{"start":{"line":23,"column":67},"end":{"line":23,"column":null}}],"line":23},"3":{"loc":{"start":{"line":24,"column":15},"end":{"line":24,"column":null}},"type":"binary-expr","locations":[{"start":{"line":24,"column":15},"end":{"line":24,"column":73}},{"start":{"line":24,"column":73},"end":{"line":24,"column":null}}],"line":24},"4":{"loc":{"start":{"line":25,"column":25},"end":{"line":25,"column":null}},"type":"binary-expr","locations":[{"start":{"line":25,"column":25},"end":{"line":25,"column":93}},{"start":{"line":25,"column":93},"end":{"line":25,"column":null}}],"line":25},"5":{"loc":{"start":{"line":34,"column":4},"end":{"line":49,"column":null}},"type":"if","locations":[{"start":{"line":34,"column":4},"end":{"line":49,"column":null}},{"start":{},"end":{}}],"line":34}},"s":{"0":1,"1":3,"2":3,"3":3,"4":0,"5":3,"6":3,"7":2,"8":2,"9":2,"10":2,"11":0,"12":0,"13":0,"14":2,"15":2,"16":3},"f":{"0":3,"1":2,"2":2},"b":{"0":[0,3],"1":[3,0],"2":[3,0],"3":[3,0],"4":[3,0],"5":[0,0]},"meta":{"lastBranch":6,"lastFunction":3,"lastStatement":17,"seen":{"s:1:0:1:Infinity":0,"f:13:24:13:39":0,"s:15:25:15:Infinity":1,"s:17:7:17:Infinity":2,"b:19:1:19:Infinity:undefined:undefined:undefined:undefined":0,"s:19:1:19:Infinity":3,"s:19:25:19:45":4,"s:21:18:26:Infinity":5,"b:22:12:22:67:22:67:22:Infinity":1,"b:23:12:23:67:23:67:23:Infinity":2,"b:24:15:24:73:24:73:24:Infinity":3,"b:25:25:25:93:25:93:25:Infinity":4,"s:28:1:54:Infinity":6,"f:28:1:28:17":1,"f:29:17:29:36":2,"s:30:23:30:Infinity":7,"s:31:21:31:Infinity":8,"s:32:44:32:Infinity":9,"s:33:3:50:Infinity":10,"b:34:4:49:Infinity:undefined:undefined:undefined:undefined":5,"s:34:4:49:Infinity":11,"s:35:20:35:Infinity":12,"s:36:5:48:Infinity":13,"s:51:3:51:Infinity":14,"s:53:2:53:Infinity":15,"s:56:1:70:Infinity":16}}},"/Volumes/btw_x10pro/Git/pixelated-tech/apps/palmetto-epoxy/src/app/(pages)/service-areas/hilton-head-sc/page.tsx":{"path":"/Volumes/btw_x10pro/Git/pixelated-tech/apps/palmetto-epoxy/src/app/(pages)/service-areas/hilton-head-sc/page.tsx","statementMap":{"0":{"start":{"line":1,"column":0},"end":{"line":1,"column":null}},"1":{"start":{"line":9,"column":1},"end":{"line":43,"column":null}}},"fnMap":{"0":{"name":"HiltonHeadSC_ServiceLocation","decl":{"start":{"line":8,"column":24},"end":{"line":8,"column":55}},"loc":{"start":{"line":8,"column":55},"end":{"line":45,"column":null}},"line":8}},"branchMap":{},"s":{"0":1,"1":1},"f":{"0":1},"b":{},"meta":{"lastBranch":0,"lastFunction":1,"lastStatement":2,"seen":{"s:1:0:1:Infinity":0,"f:8:24:8:55":0,"s:9:1:43:Infinity":1}}},"/Volumes/btw_x10pro/Git/pixelated-tech/apps/palmetto-epoxy/src/app/(pages)/service-areas/ridgeland-sc/page.tsx":{"path":"/Volumes/btw_x10pro/Git/pixelated-tech/apps/palmetto-epoxy/src/app/(pages)/service-areas/ridgeland-sc/page.tsx","statementMap":{"0":{"start":{"line":1,"column":0},"end":{"line":1,"column":null}},"1":{"start":{"line":9,"column":1},"end":{"line":43,"column":null}}},"fnMap":{"0":{"name":"RidgelandSC_ServiceLocation","decl":{"start":{"line":8,"column":24},"end":{"line":8,"column":54}},"loc":{"start":{"line":8,"column":54},"end":{"line":45,"column":null}},"line":8}},"branchMap":{},"s":{"0":1,"1":1},"f":{"0":1},"b":{},"meta":{"lastBranch":0,"lastFunction":1,"lastStatement":2,"seen":{"s:1:0:1:Infinity":0,"f:8:24:8:54":0,"s:9:1:43:Infinity":1}}},"/Volumes/btw_x10pro/Git/pixelated-tech/apps/palmetto-epoxy/src/app/(pages)/services/commercial/page.tsx":{"path":"/Volumes/btw_x10pro/Git/pixelated-tech/apps/palmetto-epoxy/src/app/(pages)/services/commercial/page.tsx","statementMap":{"0":{"start":{"line":1,"column":0},"end":{"line":1,"column":null}},"1":{"start":{"line":9,"column":1},"end":{"line":77,"column":null}}},"fnMap":{"0":{"name":"CommercialService","decl":{"start":{"line":8,"column":24},"end":{"line":8,"column":44}},"loc":{"start":{"line":8,"column":44},"end":{"line":79,"column":null}},"line":8}},"branchMap":{},"s":{"0":1,"1":1},"f":{"0":1},"b":{},"meta":{"lastBranch":0,"lastFunction":1,"lastStatement":2,"seen":{"s:1:0:1:Infinity":0,"f:8:24:8:44":0,"s:9:1:77:Infinity":1}}},"/Volumes/btw_x10pro/Git/pixelated-tech/apps/palmetto-epoxy/src/app/(pages)/services/page.tsx":{"path":"/Volumes/btw_x10pro/Git/pixelated-tech/apps/palmetto-epoxy/src/app/(pages)/services/page.tsx","statementMap":{"0":{"start":{"line":1,"column":0},"end":{"line":1,"column":null}},"1":{"start":{"line":10,"column":1},"end":{"line":133,"column":null}}},"fnMap":{"0":{"name":"ServicesPage","decl":{"start":{"line":9,"column":24},"end":{"line":9,"column":39}},"loc":{"start":{"line":9,"column":39},"end":{"line":135,"column":null}},"line":9}},"branchMap":{},"s":{"0":1,"1":2},"f":{"0":2},"b":{},"meta":{"lastBranch":0,"lastFunction":1,"lastStatement":2,"seen":{"s:1:0:1:Infinity":0,"f:9:24:9:39":0,"s:10:1:133:Infinity":1}}},"/Volumes/btw_x10pro/Git/pixelated-tech/apps/palmetto-epoxy/src/app/(pages)/services/paver-sealing/page.tsx":{"path":"/Volumes/btw_x10pro/Git/pixelated-tech/apps/palmetto-epoxy/src/app/(pages)/services/paver-sealing/page.tsx","statementMap":{"0":{"start":{"line":1,"column":0},"end":{"line":1,"column":null}},"1":{"start":{"line":10,"column":1},"end":{"line":81,"column":null}}},"fnMap":{"0":{"name":"PaverSealingService","decl":{"start":{"line":9,"column":24},"end":{"line":9,"column":46}},"loc":{"start":{"line":9,"column":46},"end":{"line":83,"column":null}},"line":9}},"branchMap":{},"s":{"0":1,"1":1},"f":{"0":1},"b":{},"meta":{"lastBranch":0,"lastFunction":1,"lastStatement":2,"seen":{"s:1:0:1:Infinity":0,"f:9:24:9:46":0,"s:10:1:81:Infinity":1}}},"/Volumes/btw_x10pro/Git/pixelated-tech/apps/palmetto-epoxy/src/app/(pages)/services/concrete-polishing/page.tsx":{"path":"/Volumes/btw_x10pro/Git/pixelated-tech/apps/palmetto-epoxy/src/app/(pages)/services/concrete-polishing/page.tsx","statementMap":{"0":{"start":{"line":1,"column":0},"end":{"line":1,"column":null}},"1":{"start":{"line":9,"column":1},"end":{"line":82,"column":null}}},"fnMap":{"0":{"name":"ConcretePolishingService","decl":{"start":{"line":8,"column":24},"end":{"line":8,"column":51}},"loc":{"start":{"line":8,"column":51},"end":{"line":84,"column":null}},"line":8}},"branchMap":{},"s":{"0":1,"1":1},"f":{"0":1},"b":{},"meta":{"lastBranch":0,"lastFunction":1,"lastStatement":2,"seen":{"s:1:0:1:Infinity":0,"f:8:24:8:51":0,"s:9:1:82:Infinity":1}}},"/Volumes/btw_x10pro/Git/pixelated-tech/apps/palmetto-epoxy/src/app/(pages)/services/epoxy-garage-floors/page.tsx":{"path":"/Volumes/btw_x10pro/Git/pixelated-tech/apps/palmetto-epoxy/src/app/(pages)/services/epoxy-garage-floors/page.tsx","statementMap":{"0":{"start":{"line":1,"column":0},"end":{"line":1,"column":null}},"1":{"start":{"line":9,"column":1},"end":{"line":82,"column":null}}},"fnMap":{"0":{"name":"EpoxyGarageFloorsService","decl":{"start":{"line":8,"column":24},"end":{"line":8,"column":51}},"loc":{"start":{"line":8,"column":51},"end":{"line":84,"column":null}},"line":8}},"branchMap":{},"s":{"0":1,"1":1},"f":{"0":1},"b":{},"meta":{"lastBranch":0,"lastFunction":1,"lastStatement":2,"seen":{"s:1:0:1:Infinity":0,"f:8:24:8:51":0,"s:9:1:82:Infinity":1}}},"/Volumes/btw_x10pro/Git/pixelated-tech/apps/palmetto-epoxy/src/app/(pages)/services/driveway-coating/page.tsx":{"path":"/Volumes/btw_x10pro/Git/pixelated-tech/apps/palmetto-epoxy/src/app/(pages)/services/driveway-coating/page.tsx","statementMap":{"0":{"start":{"line":1,"column":0},"end":{"line":1,"column":null}},"1":{"start":{"line":11,"column":1},"end":{"line":62,"column":null}}},"fnMap":{"0":{"name":"DrivewayCoatingService","decl":{"start":{"line":10,"column":24},"end":{"line":10,"column":49}},"loc":{"start":{"line":10,"column":49},"end":{"line":64,"column":null}},"line":10}},"branchMap":{},"s":{"0":1,"1":1},"f":{"0":1},"b":{},"meta":{"lastBranch":0,"lastFunction":1,"lastStatement":2,"seen":{"s:1:0:1:Infinity":0,"f:10:24:10:49":0,"s:11:1:62:Infinity":1}}},"/Volumes/btw_x10pro/Git/pixelated-tech/apps/palmetto-epoxy/src/app/(pages)/services/resin-countertops/page.tsx":{"path":"/Volumes/btw_x10pro/Git/pixelated-tech/apps/palmetto-epoxy/src/app/(pages)/services/resin-countertops/page.tsx","statementMap":{"0":{"start":{"line":1,"column":0},"end":{"line":1,"column":null}},"1":{"start":{"line":10,"column":1},"end":{"line":81,"column":null}}},"fnMap":{"0":{"name":"ResinCountertopsService","decl":{"start":{"line":9,"column":24},"end":{"line":9,"column":50}},"loc":{"start":{"line":9,"column":50},"end":{"line":83,"column":null}},"line":9}},"branchMap":{},"s":{"0":1,"1":1},"f":{"0":1},"b":{},"meta":{"lastBranch":0,"lastFunction":1,"lastStatement":2,"seen":{"s:1:0:1:Infinity":0,"f:9:24:9:50":0,"s:10:1:81:Infinity":1}}},"/Volumes/btw_x10pro/Git/pixelated-tech/apps/palmetto-epoxy/src/app/(pages)/services/residential/page.tsx":{"path":"/Volumes/btw_x10pro/Git/pixelated-tech/apps/palmetto-epoxy/src/app/(pages)/services/residential/page.tsx","statementMap":{"0":{"start":{"line":1,"column":0},"end":{"line":1,"column":null}},"1":{"start":{"line":10,"column":1},"end":{"line":71,"column":null}}},"fnMap":{"0":{"name":"ResidentialService","decl":{"start":{"line":9,"column":24},"end":{"line":9,"column":45}},"loc":{"start":{"line":9,"column":45},"end":{"line":73,"column":null}},"line":9}},"branchMap":{},"s":{"0":1,"1":1},"f":{"0":1},"b":{},"meta":{"lastBranch":0,"lastFunction":1,"lastStatement":2,"seen":{"s:1:0:1:Infinity":0,"f:9:24:9:45":0,"s:10:1:71:Infinity":1}}},"/Volumes/btw_x10pro/Git/pixelated-tech/apps/palmetto-epoxy/src/app/(pages)/styleguide/page.tsx":{"path":"/Volumes/btw_x10pro/Git/pixelated-tech/apps/palmetto-epoxy/src/app/(pages)/styleguide/page.tsx","statementMap":{"0":{"start":{"line":1,"column":0},"end":{"line":1,"column":null}},"1":{"start":{"line":7,"column":1},"end":{"line":10,"column":null}}},"fnMap":{"0":{"name":"StyleGuidePage","decl":{"start":{"line":6,"column":24},"end":{"line":6,"column":41}},"loc":{"start":{"line":6,"column":41},"end":{"line":12,"column":null}},"line":6}},"branchMap":{},"s":{"0":1,"1":2},"f":{"0":2},"b":{},"meta":{"lastBranch":0,"lastFunction":1,"lastStatement":2,"seen":{"s:1:0:1:Infinity":0,"f:6:24:6:41":0,"s:7:1:10:Infinity":1}}},"/Volumes/btw_x10pro/Git/pixelated-tech/apps/palmetto-epoxy/src/app/(pages)/updates/page.tsx":{"path":"/Volumes/btw_x10pro/Git/pixelated-tech/apps/palmetto-epoxy/src/app/(pages)/updates/page.tsx","statementMap":{"0":{"start":{"line":1,"column":0},"end":{"line":1,"column":null}},"1":{"start":{"line":7,"column":36},"end":{"line":7,"column":null}},"2":{"start":{"line":8,"column":1},"end":{"line":8,"column":null}},"3":{"start":{"line":8,"column":14},"end":{"line":8,"column":null}},"4":{"start":{"line":9,"column":1},"end":{"line":9,"column":null}},"5":{"start":{"line":9,"column":12},"end":{"line":9,"column":null}},"6":{"start":{"line":10,"column":1},"end":{"line":13,"column":null}}},"fnMap":{"0":{"name":"UpdatesPage","decl":{"start":{"line":6,"column":24},"end":{"line":6,"column":38}},"loc":{"start":{"line":6,"column":38},"end":{"line":15,"column":null}},"line":6}},"branchMap":{"0":{"loc":{"start":{"line":8,"column":1},"end":{"line":8,"column":null}},"type":"if","locations":[{"start":{"line":8,"column":1},"end":{"line":8,"column":null}},{"start":{},"end":{}}],"line":8},"1":{"loc":{"start":{"line":9,"column":1},"end":{"line":9,"column":null}},"type":"if","locations":[{"start":{"line":9,"column":1},"end":{"line":9,"column":null}},{"start":{},"end":{}}],"line":9},"2":{"loc":{"start":{"line":12,"column":27},"end":{"line":12,"column":46}},"type":"binary-expr","locations":[{"start":{"line":12,"column":27},"end":{"line":12,"column":41}},{"start":{"line":12,"column":41},"end":{"line":12,"column":46}}],"line":12}},"s":{"0":1,"1":5,"2":5,"3":1,"4":4,"5":4,"6":3},"f":{"0":5},"b":{"0":[1,4],"1":[1,3],"2":[3,1]},"meta":{"lastBranch":3,"lastFunction":1,"lastStatement":7,"seen":{"s:1:0:1:Infinity":0,"f:6:24:6:38":0,"s:7:36:7:Infinity":1,"b:8:1:8:Infinity:undefined:undefined:undefined:undefined":0,"s:8:1:8:Infinity":2,"s:8:14:8:Infinity":3,"b:9:1:9:Infinity:undefined:undefined:undefined:undefined":1,"s:9:1:9:Infinity":4,"s:9:12:9:Infinity":5,"s:10:1:13:Infinity":6,"b:12:27:12:41:12:41:12:46":2}}},"/Volumes/btw_x10pro/Git/pixelated-tech/apps/palmetto-epoxy/src/app/(pages)/submitreview/page.tsx":{"path":"/Volumes/btw_x10pro/Git/pixelated-tech/apps/palmetto-epoxy/src/app/(pages)/submitreview/page.tsx","statementMap":{"0":{"start":{"line":1,"column":0},"end":{"line":1,"column":null}},"1":{"start":{"line":11,"column":1},"end":{"line":27,"column":null}},"2":{"start":{"line":12,"column":15},"end":{"line":12,"column":null}},"3":{"start":{"line":13,"column":2},"end":{"line":25,"column":null}},"4":{"start":{"line":14,"column":23},"end":{"line":14,"column":null}},"5":{"start":{"line":15,"column":24},"end":{"line":15,"column":null}},"6":{"start":{"line":16,"column":21},"end":{"line":16,"column":null}},"7":{"start":{"line":17,"column":3},"end":{"line":20,"column":null}},"8":{"start":{"line":18,"column":4},"end":{"line":18,"column":null}},"9":{"start":{"line":19,"column":4},"end":{"line":19,"column":null}},"10":{"start":{"line":21,"column":3},"end":{"line":24,"column":null}},"11":{"start":{"line":22,"column":4},"end":{"line":22,"column":null}},"12":{"start":{"line":23,"column":4},"end":{"line":23,"column":null}},"13":{"start":{"line":29,"column":1},"end":{"line":41,"column":null}}},"fnMap":{"0":{"name":"SubmitReviewPage","decl":{"start":{"line":9,"column":24},"end":{"line":9,"column":43}},"loc":{"start":{"line":9,"column":43},"end":{"line":43,"column":null}},"line":9},"1":{"name":"(anonymous_1)","decl":{"start":{"line":11,"column":1},"end":{"line":11,"column":17}},"loc":{"start":{"line":11,"column":17},"end":{"line":27,"column":4}},"line":11}},"branchMap":{"0":{"loc":{"start":{"line":13,"column":2},"end":{"line":25,"column":null}},"type":"if","locations":[{"start":{"line":13,"column":2},"end":{"line":25,"column":null}},{"start":{},"end":{}}],"line":13},"1":{"loc":{"start":{"line":17,"column":3},"end":{"line":20,"column":null}},"type":"if","locations":[{"start":{"line":17,"column":3},"end":{"line":20,"column":null}},{"start":{},"end":{}}],"line":17},"2":{"loc":{"start":{"line":21,"column":3},"end":{"line":24,"column":null}},"type":"if","locations":[{"start":{"line":21,"column":3},"end":{"line":24,"column":null}},{"start":{},"end":{}}],"line":21}},"s":{"0":1,"1":1,"2":1,"3":1,"4":0,"5":0,"6":0,"7":0,"8":0,"9":0,"10":0,"11":0,"12":0,"13":1},"f":{"0":1,"1":1},"b":{"0":[0,1],"1":[0,0],"2":[0,0]},"meta":{"lastBranch":3,"lastFunction":2,"lastStatement":14,"seen":{"s:1:0:1:Infinity":0,"f:9:24:9:43":0,"s:11:1:27:Infinity":1,"f:11:1:11:17":1,"s:12:15:12:Infinity":2,"b:13:2:25:Infinity:undefined:undefined:undefined:undefined":0,"s:13:2:25:Infinity":3,"s:14:23:14:Infinity":4,"s:15:24:15:Infinity":5,"s:16:21:16:Infinity":6,"b:17:3:20:Infinity:undefined:undefined:undefined:undefined":1,"s:17:3:20:Infinity":7,"s:18:4:18:Infinity":8,"s:19:4:19:Infinity":9,"b:21:3:24:Infinity:undefined:undefined:undefined:undefined":2,"s:21:3:24:Infinity":10,"s:22:4:22:Infinity":11,"s:23:4:23:Infinity":12,"s:29:1:41:Infinity":13}}},"/Volumes/btw_x10pro/Git/pixelated-tech/apps/palmetto-epoxy/src/app/elements/layoutclient.tsx":{"path":"/Volumes/btw_x10pro/Git/pixelated-tech/apps/palmetto-epoxy/src/app/elements/layoutclient.tsx","statementMap":{"0":{"start":{"line":1,"column":0},"end":{"line":1,"column":null}},"1":{"start":{"line":17,"column":0},"end":{"line":17,"column":null}},"2":{"start":{"line":21,"column":1},"end":{"line":28,"column":null}},"3":{"start":{"line":22,"column":2},"end":{"line":22,"column":null}},"4":{"start":{"line":23,"column":2},"end":{"line":23,"column":null}},"5":{"start":{"line":30,"column":1},"end":{"line":37,"column":null}},"6":{"start":{"line":31,"column":2},"end":{"line":36,"column":null}},"7":{"start":{"line":39,"column":1},"end":{"line":39,"column":null}}},"fnMap":{"0":{"name":"LayoutClient","decl":{"start":{"line":19,"column":16},"end":{"line":19,"column":31}},"loc":{"start":{"line":19,"column":31},"end":{"line":40,"column":null}},"line":19},"1":{"name":"(anonymous_1)","decl":{"start":{"line":21,"column":1},"end":{"line":21,"column":17}},"loc":{"start":{"line":21,"column":17},"end":{"line":28,"column":4}},"line":21},"2":{"name":"(anonymous_2)","decl":{"start":{"line":30,"column":1},"end":{"line":30,"column":17}},"loc":{"start":{"line":30,"column":17},"end":{"line":37,"column":4}},"line":30}},"branchMap":{},"s":{"0":2,"1":2,"2":4,"3":4,"4":4,"5":4,"6":4,"7":4},"f":{"0":4,"1":4,"2":4},"b":{},"meta":{"lastBranch":0,"lastFunction":3,"lastStatement":8,"seen":{"s:1:0:1:Infinity":0,"s:17:0:17:Infinity":1,"f:19:16:19:31":0,"s:21:1:28:Infinity":2,"f:21:1:21:17":1,"s:22:2:22:Infinity":3,"s:23:2:23:Infinity":4,"s:30:1:37:Infinity":5,"f:30:1:30:17":2,"s:31:2:36:Infinity":6,"s:39:1:39:Infinity":7}}},"/Volumes/btw_x10pro/Git/pixelated-tech/apps/palmetto-epoxy/src/app/elements/nav.tsx":{"path":"/Volumes/btw_x10pro/Git/pixelated-tech/apps/palmetto-epoxy/src/app/elements/nav.tsx","statementMap":{"0":{"start":{"line":2,"column":0},"end":{"line":2,"column":null}},"1":{"start":{"line":33,"column":7},"end":{"line":33,"column":null}},"2":{"start":{"line":34,"column":16},"end":{"line":34,"column":null}},"3":{"start":{"line":35,"column":1},"end":{"line":40,"column":null}}},"fnMap":{"0":{"name":"Nav","decl":{"start":{"line":32,"column":24},"end":{"line":32,"column":30}},"loc":{"start":{"line":32,"column":30},"end":{"line":42,"column":null}},"line":32}},"branchMap":{"0":{"loc":{"start":{"line":34,"column":16},"end":{"line":34,"column":null}},"type":"binary-expr","locations":[{"start":{"line":34,"column":16},"end":{"line":34,"column":43}},{"start":{"line":34,"column":43},"end":{"line":34,"column":null}}],"line":34}},"s":{"0":2,"1":3,"2":3,"3":3},"f":{"0":3},"b":{"0":[3,1]},"meta":{"lastBranch":1,"lastFunction":1,"lastStatement":4,"seen":{"s:2:0:2:Infinity":0,"f:32:24:32:30":0,"s:33:7:33:Infinity":1,"s:34:16:34:Infinity":2,"b:34:16:34:43:34:43:34:Infinity":0,"s:35:1:40:Infinity":3}}},"/Volumes/btw_x10pro/Git/pixelated-tech/apps/palmetto-epoxy/src/app/elements/header.tsx":{"path":"/Volumes/btw_x10pro/Git/pixelated-tech/apps/palmetto-epoxy/src/app/elements/header.tsx","statementMap":{"0":{"start":{"line":2,"column":0},"end":{"line":2,"column":null}},"1":{"start":{"line":10,"column":7},"end":{"line":10,"column":null}},"2":{"start":{"line":11,"column":18},"end":{"line":11,"column":null}},"3":{"start":{"line":12,"column":1},"end":{"line":51,"column":null}}},"fnMap":{"0":{"name":"Header","decl":{"start":{"line":9,"column":24},"end":{"line":9,"column":33}},"loc":{"start":{"line":9,"column":33},"end":{"line":53,"column":null}},"line":9}},"branchMap":{},"s":{"0":2,"1":1,"2":1,"3":1},"f":{"0":1},"b":{},"meta":{"lastBranch":0,"lastFunction":1,"lastStatement":4,"seen":{"s:2:0:2:Infinity":0,"f:9:24:9:33":0,"s:10:7:10:Infinity":1,"s:11:18:11:Infinity":2,"s:12:1:51:Infinity":3}}},"/Volumes/btw_x10pro/Git/pixelated-tech/apps/palmetto-epoxy/src/app/elements/calloutlibrary.tsx":{"path":"/Volumes/btw_x10pro/Git/pixelated-tech/apps/palmetto-epoxy/src/app/elements/calloutlibrary.tsx","statementMap":{"0":{"start":{"line":1,"column":0},"end":{"line":1,"column":null}},"1":{"start":{"line":14,"column":0},"end":{"line":16,"column":null}},"2":{"start":{"line":19,"column":1},"end":{"line":25,"column":null}},"3":{"start":{"line":34,"column":0},"end":{"line":34,"column":null}},"4":{"start":{"line":37,"column":1},"end":{"line":48,"column":null}},"5":{"start":{"line":45,"column":44},"end":{"line":45,"column":79}},"6":{"start":{"line":57,"column":0},"end":{"line":57,"column":null}},"7":{"start":{"line":60,"column":1},"end":{"line":90,"column":null}},"8":{"start":{"line":102,"column":0},"end":{"line":102,"column":null}},"9":{"start":{"line":105,"column":1},"end":{"line":126,"column":null}},"10":{"start":{"line":135,"column":0},"end":{"line":137,"column":null}},"11":{"start":{"line":140,"column":1},"end":{"line":145,"column":null}},"12":{"start":{"line":154,"column":0},"end":{"line":154,"column":null}},"13":{"start":{"line":157,"column":1},"end":{"line":160,"column":null}},"14":{"start":{"line":169,"column":0},"end":{"line":169,"column":null}},"15":{"start":{"line":172,"column":1},"end":{"line":175,"column":null}},"16":{"start":{"line":184,"column":0},"end":{"line":184,"column":null}},"17":{"start":{"line":187,"column":1},"end":{"line":190,"column":null}}},"fnMap":{"0":{"name":"PageTitle","decl":{"start":{"line"
[...]
,"end":{"line":8,"column":null}},"line":6},"1":{"name":"GET","decl":{"start":{"line":10,"column":22},"end":{"line":10,"column":26}},"loc":{"start":{"line":10,"column":44},"end":{"line":13,"column":null}},"line":10}},"branchMap":{},"s":{"0":2,"1":3,"2":3,"3":3},"f":{"0":3,"1":3},"b":{},"meta":{"lastBranch":0,"lastFunction":2,"lastStatement":4,"seen":{"s:2:9:2:Infinity":0,"f:6:15:6:27":0,"s:7:1:7:Infinity":1,"f:10:22:10:26":1,"s:11:13:11:Infinity":2,"s:12:1:12:Infinity":3}}},"/Volumes/btw_x10pro/Git/pixelated-tech/apps/palmetto-epoxy/src/app/elements/social.tsx":{"path":"/Volumes/btw_x10pro/Git/pixelated-tech/apps/palmetto-epoxy/src/app/elements/social.tsx","statementMap":{"0":{"start":{"line":1,"column":0},"end":{"line":1,"column":null}},"1":{"start":{"line":7,"column":1},"end":{"line":30,"column":null}}},"fnMap":{"0":{"name":"Social","decl":{"start":{"line":6,"column":24},"end":{"line":6,"column":33}},"loc":{"start":{"line":6,"column":33},"end":{"line":32,"column":null}},"line":6}},"branchMap":{},"s":{"0":2,"1":1},"f":{"0":1},"b":{},"meta":{"lastBranch":0,"lastFunction":1,"lastStatement":2,"seen":{"s:1:0:1:Infinity":0,"f:6:24:6:33":0,"s:7:1:30:Infinity":1}}},"/Volumes/btw_x10pro/Git/pixelated-tech/apps/palmetto-epoxy/src/app/global-error.tsx":{"path":"/Volumes/btw_x10pro/Git/pixelated-tech/apps/palmetto-epoxy/src/app/global-error.tsx","statementMap":{"0":{"start":{"line":1,"column":0},"end":{"line":1,"column":null}},"1":{"start":{"line":6,"column":1},"end":{"line":6,"column":null}}},"fnMap":{"0":{"name":"GlobalError","decl":{"start":{"line":5,"column":24},"end":{"line":5,"column":36}},"loc":{"start":{"line":5,"column":91},"end":{"line":7,"column":null}},"line":5}},"branchMap":{},"s":{"0":1,"1":1},"f":{"0":1},"b":{},"meta":{"lastBranch":0,"lastFunction":1,"lastStatement":2,"seen":{"s:1:0:1:Infinity":0,"f:5:24:5:36":0,"s:6:1:6:Infinity":1}}},"/Volumes/btw_x10pro/Git/pixelated-tech/apps/palmetto-epoxy/src/app/layout.tsx":{"path":"/Volumes/btw_x10pro/Git/pixelated-tech/apps/palmetto-epoxy/src/app/layout.tsx","statementMap":{"0":{"start":{"line":20,"column":29},"end":{"line":20,"column":null}},"1":{"start":{"line":21,"column":14},"end":{"line":21,"column":null}},"2":{"start":{"line":22,"column":18},"end":{"line":22,"column":null}},"3":{"start":{"line":23,"column":7},"end":{"line":23,"column":null}},"4":{"start":{"line":24,"column":5},"end":{"line":24,"column":null}},"5":{"start":{"line":29,"column":22},"end":{"line":29,"column":null}},"6":{"start":{"line":30,"column":1},"end":{"line":87,"column":null}},"7":{"start":{"line":31,"column":14},"end":{"line":31,"column":null}},"8":{"start":{"line":34,"column":2},"end":{"line":34,"column":null}},"9":{"start":{"line":34,"column":8},"end":{"line":34,"column":43}},"10":{"start":{"line":34,"column":53},"end":{"line":34,"column":68}},"11":{"start":{"line":35,"column":2},"end":{"line":35,"column":null}},"12":{"start":{"line":36,"column":2},"end":{"line":40,"column":null}},"13":{"start":{"line":36,"column":15},"end":{"line":40,"column":null}},"14":{"start":{"line":42,"column":2},"end":{"line":86,"column":null}},"15":{"start":{"line":43,"column":9},"end":{"line":43,"column":null}},"16":{"start":{"line":44,"column":20},"end":{"line":49,"column":null}},"17":{"start":{"line":50,"column":17},"end":{"line":50,"column":null}},"18":{"start":{"line":51,"column":16},"end":{"line":51,"column":null}},"19":{"start":{"line":52,"column":3},"end":{"line":81,"column":null}},"20":{"start":{"line":53,"column":10},"end":{"line":53,"column":null}},"21":{"start":{"line":54,"column":10},"end":{"line":54,"column":null}},"22":{"start":{"line":56,"column":14},"end":{"line":56,"column":null}},"23":{"start":{"line":57,"column":4},"end":{"line":68,"column":null}},"24":{"start":{"line":58,"column":5},"end":{"line":61,"column":null}},"25":{"start":{"line":59,"column":12},"end":{"line":59,"column":50}},"26":{"start":{"line":63,"column":11},"end":{"line":63,"column":null}},"27":{"start":{"line":64,"column":5},"end":{"line":67,"column":null}},"28":{"start":{"line":66,"column":6},"end":{"line":66,"column":null}},"29":{"start":{"line":66,"column":57},"end":{"line":66,"column":65}},"30":{"start":{"line":70,"column":26},"end":{"line":70,"column":null}},"31":{"start":{"line":71,"column":25},"end":{"line":71,"column":null}},"32":{"start":{"line":72,"column":29},"end":{"line":72,"column":null}},"33":{"start":{"line":73,"column":4},"end":{"line":77,"column":null}},"34":{"start":{"line":84,"column":3},"end":{"line":84,"column":null}},"35":{"start":{"line":89,"column":1},"end":{"line":113,"column":null}}},"fnMap":{"0":{"name":"RootLayout","decl":{"start":{"line":18,"column":30},"end":{"line":18,"column":41}},"loc":{"start":{"line":18,"column":94},"end":{"line":115,"column":null}},"line":18},"1":{"name":"(anonymous_1)","decl":{"start":{"line":59,"column":7},"end":{"line":59,"column":12}},"loc":{"start":{"line":59,"column":12},"end":{"line":59,"column":50}},"line":59},"2":{"name":"(anonymous_2)","decl":{"start":{"line":66,"column":38},"end":{"line":66,"column":43}},"loc":{"start":{"line":66,"column":57},"end":{"line":66,"column":65}},"line":66}},"branchMap":{"0":{"loc":{"start":{"line":21,"column":14},"end":{"line":21,"column":null}},"type":"binary-expr","locations":[{"start":{"line":21,"column":14},"end":{"line":21,"column":42}},{"start":{"line":21,"column":42},"end":{"line":21,"column":null}}],"line":21},"1":{"loc":{"start":{"line":22,"column":18},"end":{"line":22,"column":null}},"type":"cond-expr","locations":[{"start":{"line":22,"column":55},"end":{"line":22,"column":75}},{"start":{"line":22,"column":75},"end":{"line":22,"column":null}}],"line":22},"2":{"loc":{"start":{"line":22,"column":18},"end":{"line":22,"column":55}},"type":"binary-expr","locations":[{"start":{"line":22,"column":18},"end":{"line":22,"column":40}},{"start":{"line":22,"column":40},"end":{"line":22,"column":55}}],"line":22},"3":{"loc":{"start":{"line":24,"column":5},"end":{"line":24,"column":null}},"type":"binary-expr","locations":[{"start":{"line":24,"column":5},"end":{"line":24,"column":85}},{"start":{"line":24,"column":85},"end":{"line":24,"column":null}}],"line":24},"4":{"loc":{"start":{"line":30,"column":1},"end":{"line":87,"column":null}},"type":"if","locations":[{"start":{"line":30,"column":1},"end":{"line":87,"column":null}},{"start":{},"end":{}}],"line":30},"5":{"loc":{"start":{"line":31,"column":14},"end":{"line":31,"column":null}},"type":"binary-expr","locations":[{"start":{"line":31,"column":14},"end":{"line":31,"column":33}},{"start":{"line":31,"column":33},"end":{"line":31,"column":null}}],"line":31},"6":{"loc":{"start":{"line":36,"column":2},"end":{"line":40,"column":null}},"type":"if","locations":[{"start":{"line":36,"column":2},"end":{"line":40,"column":null}},{"start":{},"end":{}}],"line":36},"7":{"loc":{"start":{"line":45,"column":14},"end":{"line":45,"column":null}},"type":"binary-expr","locations":[{"start":{"line":45,"column":14},"end":{"line":45,"column":42}},{"start":{"line":45,"column":42},"end":{"line":45,"column":null}}],"line":45},"8":{"loc":{"start":{"line":46,"column":14},"end":{"line":46,"column":null}},"type":"binary-expr","locations":[{"start":{"line":46,"column":14},"end":{"line":46,"column":42}},{"start":{"line":46,"column":42},"end":{"line":46,"column":null}}],"line":46},"9":{"loc":{"start":{"line":47,"column":17},"end":{"line":47,"column":null}},"type":"binary-expr","locations":[{"start":{"line":47,"column":17},"end":{"line":47,"column":48}},{"start":{"line":47,"column":48},"end":{"line":47,"column":null}}],"line":47},"10":{"loc":{"start":{"line":48,"column":27},"end":{"line":48,"column":null}},"type":"binary-expr","locations":[{"start":{"line":48,"column":27},"end":{"line":48,"column":68}},{"start":{"line":48,"column":68},"end":{"line":48,"column":null}}],"line":48},"11":{"loc":{"start":{"line":52,"column":3},"end":{"line":81,"column":null}},"type":"if","locations":[{"start":{"line":52,"column":3},"end":{"line":81,"column":null}},{"start":{"line":78,"column":10},"end":{"line":81,"column":null}}],"line":52},"12":{"loc":{"start":{"line":53,"column":10},"end":{"line":53,"column":null}},"type":"binary-expr","locations":[{"start":{"line":53,"column":10},"end":{"line":53,"column":67}},{"start":{"line":53,"column":67},"end":{"line":53,"column":null}}],"line":53},"13":{"loc":{"start":{"line":53,"column":19},"end":{"line":53,"column":45}},"type":"binary-expr","locations":[{"start":{"line":53,"column":19},"end":{"line":53,"column":40}},{"start":{"line":53,"column":40},"end":{"line":53,"column":45}}],"line":53},"14":{"loc":{"start":{"line":54,"column":10},"end":{"line":54,"column":null}},"type":"binary-expr","locations":[{"start":{"line":54,"column":10},"end":{"line":54,"column":72}},{"start":{"line":54,"column":72},"end":{"line":54,"column":null}}],"line":54},"15":{"loc":{"start":{"line":54,"column":18},"end":{"line":54,"column":50}},"type":"binary-expr","locations":[{"start":{"line":54,"column":18},"end":{"line":54,"column":45}},{"start":{"line":54,"column":45},"end":{"line":54,"column":50}}],"line":54},"16":{"loc":{"start":{"line":57,"column":4},"end":{"line":68,"column":null}},"type":"if","locations":[{"start":{"line":57,"column":4},"end":{"line":68,"column":null}},{"start":{"line":62,"column":11},"end":{"line":68,"column":null}}],"line":57},"17":{"loc":{"start":{"line":59,"column":24},"end":{"line":59,"column":33}},"type":"binary-expr","locations":[{"start":{"line":59,"column":24},"end":{"line":59,"column":29}},{"start":{"line":59,"column":29},"end":{"line":59,"column":33}}],"line":59},"18":{"loc":{"start":{"line":63,"column":20},"end":{"line":63,"column":49}},"type":"binary-expr","locations":[{"start":{"line":63,"column":20},"end":{"line":63,"column":44}},{"start":{"line":63,"column":44},"end":{"line":63,"column":49}}],"line":63},"19":{"loc":{"start":{"line":64,"column":5},"end":{"line":67,"column":null}},"type":"if","locations":[{"start":{"line":64,"column":5},"end":{"line":67,"column":null}},{"start":{},"end":{}}],"line":64},"20":{"loc":{"start":{"line":70,"column":26},"end":{"line":70,"column":null}},"type":"cond-expr","locations":[{"start":{"line":70,"column":26},"end":{"line":70,"column":64}},{"start":{"line":70,"column":64},"end":{"line":70,"column":null}}],"line":70},"21":{"loc":{"start":{"line":70,"column":64},"end":{"line":70,"column":null}},"type":"binary-expr","locations":[{"start":{"line":70,"column":64},"end":{"line":70,"column":83}},{"start":{"line":70,"column":83},"end":{"line":70,"column":null}}],"line":70},"22":{"loc":{"start":{"line":71,"column":25},"end":{"line":71,"column":null}},"type":"cond-expr","locations":[{"start":{"line":71,"column":35},"end":{"line":71,"column":91}},{"start":{"line":71,"column":91},"end":{"line":71,"column":null}}],"line":71},"23":{"loc":{"start":{"line":71,"column":91},"end":{"line":71,"column":null}},"type":"binary-expr","locations":[{"start":{"line":71,"column":91},"end":{"line":71,"column":116}},{"start":{"line":71,"column":116},"end":{"line":71,"column":null}}],"line":71},"24":{"loc":{"start":{"line":72,"column":29},"end":{"line":72,"column":null}},"type":"cond-expr","locations":[{"start":{"line":72,"column":39},"end":{"line":72,"column":88}},{"start":{"line":72,"column":88},"end":{"line":72,"column":null}}],"line":72},"25":{"loc":{"start":{"line":72,"column":88},"end":{"line":72,"column":null}},"type":"cond-expr","locations":[{"start":{"line":72,"column":125},"end":{"line":72,"column":171}},{"start":{"line":72,"column":171},"end":{"line":72,"column":null}}],"line":72},"26":{"loc":{"start":{"line":72,"column":171},"end":{"line":72,"column":null}},"type":"binary-expr","locations":[{"start":{"line":72,"column":171},"end":{"line":72,"column":193}},{"start":{"line":72,"column":193},"end":{"line":72,"column":null}}],"line":72},"27":{"loc":{"start":{"line":74,"column":12},"end":{"line":74,"column":null}},"type":"cond-expr","locations":[{"start":{"line":74,"column":20},"end":{"line":74,"column":61}},{"start":{"line":74,"column":61},"end":{"line":74,"column":null}}],"line":74},"28":{"loc":{"start":{"line":75,"column":18},"end":{"line":75,"column":null}},"type":"binary-expr","locations":[{"start":{"line":75,"column":18},"end":{"line":75,"column":26}},{"start":{"line":75,"column":26},"end":{"line":75,"column":null}}],"line":75},"29":{"loc":{"start":{"line":76,"column":15},"end":{"line":76,"column":null}},"type":"binary-expr","locations":[{"start":{"line":76,"column":15},"end":{"line":76,"column":22}},{"start":{"line":76,"column":22},"end":{"line":76,"column":null}}],"line":76}},"s":{"0":7,"1":7,"2":7,"3":7,"4":7,"5":7,"6":7,"7":0,"8":0,"9":0,"10":0,"11":0,"12":0,"13":0,"14":0,"15":0,"16":0,"17":0,"18":0,"19":0,"20":0,"21":0,"22":0,"23":0,"24":0,"25":0,"26":0,"27":0,"28":0,"29":0,"30":0,"31":0,"32":0,"33":0,"34":0,"35":7},"f":{"0":7,"1":0,"2":0},"b":{"0":[7,0],"1":[2,5],"2":[7,5],"3":[7,7],"4":[0,7],"5":[0,0],"6":[0,0],"7":[0,0],"8":[0,0],"9":[0,0],"10":[0,0],"11":[0,0],"12":[0,0],"13":[0,0],"14":[0,0],"15":[0,0],"16":[0,0],"17":[0,0],"18":[0,0],"19":[0,0],"20":[0,0],"21":[0,0],"22":[0,0],"23":[0,0],"24":[0,0],"25":[0,0],"26":[0,0],"27":[0,0],"28":[0,0],"29":[0,0]},"meta":{"lastBranch":30,"lastFunction":3,"lastStatement":36,"seen":{"f:18:30:18:41":0,"s:20:29:20:Infinity":0,"s:21:14:21:Infinity":1,"b:21:14:21:42:21:42:21:Infinity":0,"s:22:18:22:Infinity":2,"b:22:55:22:75:22:75:22:Infinity":1,"b:22:18:22:40:22:40:22:55":2,"s:23:7:23:Infinity":3,"s:24:5:24:Infinity":4,"b:24:5:24:85:24:85:24:Infinity":3,"s:29:22:29:Infinity":5,"b:30:1:87:Infinity:undefined:undefined:undefined:undefined":4,"s:30:1:87:Infinity":6,"s:31:14:31:Infinity":7,"b:31:14:31:33:31:33:31:Infinity":5,"s:34:2:34:Infinity":8,"s:34:8:34:43":9,"s:34:53:34:68":10,"s:35:2:35:Infinity":11,"b:36:2:40:Infinity:undefined:undefined:undefined:undefined":6,"s:36:2:40:Infinity":12,"s:36:15:40:Infinity":13,"s:42:2:86:Infinity":14,"s:43:9:43:Infinity":15,"s:44:20:49:Infinity":16,"b:45:14:45:42:45:42:45:Infinity":7,"b:46:14:46:42:46:42:46:Infinity":8,"b:47:17:47:48:47:48:47:Infinity":9,"b:48:27:48:68:48:68:48:Infinity":10,"s:50:17:50:Infinity":17,"s:51:16:51:Infinity":18,"b:52:3:81:Infinity:78:10:81:Infinity":11,"s:52:3:81:Infinity":19,"s:53:10:53:Infinity":20,"b:53:10:53:67:53:67:53:Infinity":12,"b:53:19:53:40:53:40:53:45":13,"s:54:10:54:Infinity":21,"b:54:10:54:72:54:72:54:Infinity":14,"b:54:18:54:45:54:45:54:50":15,"s:56:14:56:Infinity":22,"b:57:4:68:Infinity:62:11:68:Infinity":16,"s:57:4:68:Infinity":23,"s:58:5:61:Infinity":24,"f:59:7:59:12":1,"s:59:12:59:50":25,"b:59:24:59:29:59:29:59:33":17,"s:63:11:63:Infinity":26,"b:63:20:63:44:63:44:63:49":18,"b:64:5:67:Infinity:undefined:undefined:undefined:undefined":19,"s:64:5:67:Infinity":27,"s:66:6:66:Infinity":28,"f:66:38:66:43":2,"s:66:57:66:65":29,"s:70:26:70:Infinity":30,"b:70:26:70:64:70:64:70:Infinity":20,"b:70:64:70:83:70:83:70:Infinity":21,"s:71:25:71:Infinity":31,"b:71:35:71:91:71:91:71:Infinity":22,"b:71:91:71:116:71:116:71:Infinity":23,"s:72:29:72:Infinity":32,"b:72:39:72:88:72:88:72:Infinity":24,"b:72:125:72:171:72:171:72:Infinity":25,"b:72:171:72:193:72:193:72:Infinity":26,"s:73:4:77:Infinity":33,"b:74:20:74:61:74:61:74:Infinity":27,"b:75:18:75:26:75:26:75:Infinity":28,"b:76:15:76:22:76:22:76:Infinity":29,"s:84:3:84:Infinity":34,"s:89:1:113:Infinity":35}}},"/Volumes/btw_x10pro/Git/pixelated-tech/apps/palmetto-epoxy/src/app/loading.tsx":{"path":"/Volumes/btw_x10pro/Git/pixelated-tech/apps/palmetto-epoxy/src/app/loading.tsx","statementMap":{"0":{"start":{"line":1,"column":0},"end":{"line":1,"column":null}},"1":{"start":{"line":6,"column":1},"end":{"line":6,"column":null}}},"fnMap":{"0":{"name":"Loading","decl":{"start":{"line":5,"column":24},"end":{"line":5,"column":34}},"loc":{"start":{"line":5,"column":34},"end":{"line":7,"column":null}},"line":5}},"branchMap":{},"s":{"0":1,"1":1},"f":{"0":1},"b":{},"meta":{"lastBranch":0,"lastFunction":1,"lastStatement":2,"seen":{"s:1:0:1:Infinity":0,"f:5:24:5:34":0,"s:6:1:6:Infinity":1}}},"/Volumes/btw_x10pro/Git/pixelated-tech/apps/palmetto-epoxy/src/app/manifest.tsx":{"path":"/Volumes/btw_x10pro/Git/pixelated-tech/apps/palmetto-epoxy/src/app/manifest.tsx","statementMap":{"0":{"start":{"line":5,"column":1},"end":{"line":5,"column":null}}},"fnMap":{"0":{"name":"manifest","decl":{"start":{"line":4,"column":24},"end":{"line":4,"column":35}},"loc":{"start":{"line":4,"column":35},"end":{"line":6,"column":null}},"line":4}},"branchMap":{},"s":{"0":1},"f":{"0":1},"b":{},"meta":{"lastBranch":0,"lastFunction":1,"lastStatement":1,"seen":{"f:4:24:4:35":0,"s:5:1:5:Infinity":0}}},"/Volumes/btw_x10pro/Git/pixelated-tech/apps/palmetto-epoxy/src/app/not-found.tsx":{"path":"/Volumes/btw_x10pro/Git/pixelated-tech/apps/palmetto-epoxy/src/app/not-found.tsx","statementMap":{"0":{"start":{"line":1,"column":0},"end":{"line":1,"column":null}},"1":{"start":{"line":4,"column":15},"end":{"line":10,"column":null}},"2":{"start":{"line":13,"column":1},"end":{"line":18,"column":null}}},"fnMap":{"0":{"name":"NotFound","decl":{"start":{"line":12,"column":24},"end":{"line":12,"column":36}},"loc":{"start":{"line":12,"column":36},"end":{"line":20,"column":null}},"line":12}},"branchMap":{},"s":{"0":1,"1":1,"2":2},"f":{"0":2},"b":{},"meta":{"lastBranch":0,"lastFunction":1,"lastStatement":3,"seen":{"s:1:0:1:Infinity":0,"s:4:15:10:Infinity":1,"f:12:24:12:36":0,"s:13:1:18:Infinity":2}}},"/Volumes/btw_x10pro/Git/pixelated-tech/apps/palmetto-epoxy/src/app/robots.tsx":{"path":"/Volumes/btw_x10pro/Git/pixelated-tech/apps/palmetto-epoxy/src/app/robots.tsx","statementMap":{"0":{"start":{"line":4,"column":1},"end":{"line":11,"column":null}}},"fnMap":{"0":{"name":"robots","decl":{"start":{"line":3,"column":24},"end":{"line":3,"column":55}},"loc":{"start":{"line":3,"column":55},"end":{"line":12,"column":null}},"line":3}},"branchMap":{},"s":{"0":1},"f":{"0":1},"b":{},"meta":{"lastBranch":0,"lastFunction":1,"lastStatement":1,"seen":{"f:3:24:3:55":0,"s:4:1:11:Infinity":0}}},"/Volumes/btw_x10pro/Git/pixelated-tech/apps/palmetto-epoxy/src/app/security.txt/route.ts":{"path":"/Volumes/btw_x10pro/Git/pixelated-tech/apps/palmetto-epoxy/src/app/security.txt/route.ts","statementMap":{"0":{"start":{"line":5,"column":1},"end":{"line":5,"column":null}}},"fnMap":{"0":{"name":"GET","decl":{"start":{"line":4,"column":22},"end":{"line":4,"column":26}},"loc":{"start":{"line":4,"column":44},"end":{"line":6,"column":null}},"line":4}},"branchMap":{},"s":{"0":3},"f":{"0":3},"b":{},"meta":{"lastBranch":0,"lastFunction":1,"lastStatement":1,"seen":{"f:4:22:4:26":0,"s:5:1:5:Infinity":0}}},"/Volumes/btw_x10pro/Git/pixelated-tech/apps/palmetto-epoxy/src/app/sitemap.tsx":{"path":"/Volumes/btw_x10pro/Git/pixelated-tech/apps/palmetto-epoxy/src/app/sitemap.tsx","statementMap":{"0":{"start":{"line":1,"column":23},"end":{"line":1,"column":null}},"1":{"start":{"line":2,"column":23},"end":{"line":2,"column":null}},"2":{"start":{"line":8,"column":1},"end":{"line":8,"column":null}}},"fnMap":{"0":{"name":"SiteMapXML","decl":{"start":{"line":7,"column":30},"end":{"line":7,"column":75}},"loc":{"start":{"line":7,"column":75},"end":{"line":9,"column":null}},"line":7}},"branchMap":{},"s":{"0":1,"1":1,"2":1},"f":{"0":1},"b":{},"meta":{"lastBranch":0,"lastFunction":1,"lastStatement":3,"seen":{"s:1:23:1:Infinity":0,"s:2:23:2:Infinity":1,"f:7:30:7:75":0,"s:8:1:8:Infinity":2}}},"/Volumes/btw_x10pro/Git/pixelated-tech/apps/palmetto-epoxy/src/proxy.ts":{"path":"/Volumes/btw_x10pro/Git/pixelated-tech/apps/palmetto-epoxy/src/proxy.ts","statementMap":{"0":{"start":{"line":7,"column":1},"end":{"line":7,"column":null}},"1":{"start":{"line":11,"column":22},"end":{"line":13,"column":null}}},"fnMap":{"0":{"name":"proxy","decl":{"start":{"line":6,"column":16},"end":{"line":6,"column":22}},"loc":{"start":{"line":6,"column":40},"end":{"line":8,"column":null}},"line":6}},"branchMap":{},"s":{"0":6,"1":2},"f":{"0":6},"b":{},"meta":{"lastBranch":0,"lastFunction":1,"lastStatement":2,"seen":{"f:6:16:6:22":0,"s:7:1:7:Infinity":0,"s:11:22:13:Infinity":1}}}}}